27,2116,0.518518518519
27,3511,0.533333333333
27,8806,0.592592592593
27,11037,0.514285714286
27,31005,0.516129032258
35,1874,0.541666666667
35,2116,0.52
35,4566,0.518518518519
35,11434,0.555555555556
35,13534,0.518518518519
35,15614,0.535714285714
35,32036,0.521739130435
102,4198,0.551724137931
102,21519,0.515151515152
102,35403,0.516129032258
110,3929,0.620689655172
147,17820,0.56
147,27490,0.516129032258
147,33392,0.612903225806
165,9931,0.6
237,13227,0.505494505495
244,975,0.586956521739
244,37795,0.651162790698
246,994,1.0
246,12758,1.0
246,19187,1.0
246,28115,1.0
253,4566,0.516129032258
254,15962,0.533333333333
258,11442,1.0
292,4567,0.538461538462
292,12923,0.533333333333
292,13948,0.533333333333
292,16835,0.6
292,17360,0.571428571429
306,24248,0.526315789474
313,15837,0.5625
313,19088,0.533333333333
313,22774,0.6
313,29661,0.529411764706
353,14141,0.58064516129
355,28593,0.52
376,11578,0.521739130435
376,12149,0.545454545455
376,17404,0.608695652174
376,33836,0.545454545455
383,27023,0.525679758308
389,17188,0.545454545455
389,33113,0.545454545455
415,27073,0.533333333333
424,23973,0.542635658915
431,3028,0.526315789474
431,3425,0.555555555556
431,6822,0.6875
431,6955,0.588235294118
431,19284,0.529411764706
431,19330,0.55
431,21458,0.55
431,27152,0.647058823529
431,32582,0.55
469,18323,1.0
469,20065,1.0
484,4970,0.714285714286
554,27534,0.588235294118
562,9696,0.55
572,31825,0.516129032258
581,2114,0.615384615385
581,17557,0.533333333333
589,5258,0.52380952381
589,9154,0.55
589,29745,0.545454545455
613,3910,0.555555555556
613,10819,0.571428571429
613,33634,0.518518518519
625,18225,0.571428571429
696,5404,0.518518518519
697,7041,0.55
758,6117,0.547619047619
792,20358,0.52380952381
806,2116,0.521739130435
806,3028,0.571428571429
806,10019,0.541666666667
806,32582,0.521739130435
812,6510,0.526315789474
812,6822,0.529411764706
847,13976,0.571428571429
948,18211,0.6875
949,3637,0.533333333333
949,10293,0.51724137931
949,33226,0.625
975,244,0.586956521739
975,37795,0.631578947368
994,246,1.0
994,12758,1.0
994,19187,1.0
994,28115,1.0
1024,4499,1.0
1024,9559,1.0
1024,10491,1.0
1024,10804,1.0
1024,27397,1.0
1024,33557,1.0
1042,38140,0.515151515152
1118,4566,0.535714285714
1118,15266,0.592592592593
1118,35403,0.51724137931
1186,23007,1.0
1186,23979,1.0
1234,14054,0.666666666667
1245,23125,0.514792899408
1259,16870,0.592233009709
1280,3425,0.52
1384,23325,0.529411764706
1384,32036,0.529411764706
1385,33226,0.555555555556
1437,12244,0.538461538462
1437,13297,0.583333333333
1487,29717,0.52380952381
1495,27896,0.538461538462
1495,37396,0.666666666667
1669,25391,0.764705882353
1673,15675,0.526315789474
1674,18500,0.647058823529
1674,23860,0.588235294118
1690,4100,0.6
1690,4186,0.8
1690,4287,0.571428571429
1690,22738,0.6
1690,37912,0.75
1746,3902,0.518518518519
1746,20012,0.52
1766,15888,1.0
1766,22432,1.0
1766,24709,1.0
1766,31630,1.0
1827,15164,0.578947368421
1827,15558,0.611111111111
1827,15927,0.52380952381
1827,25818,0.526315789474
1827,33300,0.555555555556
1856,10197,0.571428571429
1856,17360,0.533333333333
1856,17747,0.588235294118
1856,25746,0.55
1874,35,0.541666666667
1874,3637,0.538461538462
1874,6273,0.631578947368
1874,10197,0.529411764706
1874,16892,0.578947368421
1874,20587,0.541666666667
1874,32036,0.578947368421
1874,33226,0.571428571429
1874,38681,0.56
1876,20874,0.666666666667
1883,2393,0.6
1883,5015,0.6
1883,10585,0.6
1883,31006,0.6
1888,27621,0.764705882353
1891,20746,0.534482758621
1929,24096,0.53125
1948,25610,0.545454545455
1958,9974,0.583333333333
1958,10906,0.666666666667
1958,25610,0.636363636364
1958,36229,0.538461538462
1979,7058,0.5625
2000,9974,0.571428571429
2036,27440,1.0
2055,31893,0.714285714286
2078,28399,0.51724137931
2086,17982,0.592592592593
2093,19744,1.0
2114,581,0.615384615385
2116,27,0.518518518519
2116,35,0.52
2116,806,0.521739130435
2116,3425,0.55
2116,9313,0.541666666667
2116,9651,0.590909090909
2116,10111,0.52380952381
2116,12303,0.55
2116,13534,0.541666666667
2116,15614,0.56
2116,17262,0.521739130435
2116,17982,0.518518518519
2116,27152,0.631578947368
2116,27910,0.521739130435
2116,28389,0.619047619048
2116,32036,0.631578947368
2116,33226,0.619047619048
2116,33478,0.52
2116,35000,0.541666666667
2134,3029,1.0
2134,14298,1.0
2170,2901,0.564102564103
2184,26623,0.607142857143
2310,18157,0.52
2312,15320,1.0
2312,16039,1.0
2312,18589,1.0
2312,21842,1.0
2312,24635,1.0
2312,25476,1.0
2312,31994,1.0
2333,19704,0.666666666667
2364,8861,0.578947368421
2371,31012,0.6
2393,1883,0.6
2393,3834,0.6
2393,5015,0.6
2393,9465,0.666666666667
2393,10254,0.571428571429
2393,10585,0.6
2393,20827,0.571428571429
2393,22474,0.8
2393,25549,0.666666666667
2393,25621,0.571428571429
2393,31006,0.6
2393,34306,0.571428571429
2406,11022,0.51724137931
2406,23010,0.514285714286
2406,27152,0.538461538462
2438,3200,0.551724137931
2483,26042,0.575757575758
2490,23838,0.526315789474
2535,24577,0.519061583578
2558,12437,0.53125
2558,12937,0.535714285714
2558,17747,0.52
2558,22763,0.538461538462
2574,15675,0.588235294118
2574,36174,0.521739130435
2578,28764,0.538461538462
2578,29507,0.538461538462
2578,36227,0.533333333333
2609,9688,0.666666666667
2609,37316,0.666666666667
2609,37912,0.666666666667
2623,32139,0.51724137931
2623,33649,0.548387096774
2623,38282,0.514285714286
2635,29428,1.0
2645,9541,1.0
2645,13783,1.0
2645,24379,1.0
2774,14360,0.533333333333
2774,19968,0.514285714286
2778,5188,0.620689655172
2856,9974,0.555555555556
2856,10585,0.666666666667
2869,14919,0.666666666667
2872,20874,0.666666666667
2895,28796,0.529411764706
2901,2170,0.564102564103
2908,3028,0.545454545455
2908,7041,0.590909090909
2908,9099,0.571428571429
2908,11635,0.518518518519
2908,15479,0.565217391304
2908,27226,0.52380952381
2908,32415,0.521739130435
2957,30123,0.526315789474
3025,4939,1.0
3028,431,0.526315789474
3028,806,0.571428571429
3028,2908,0.545454545455
3028,3425,0.611111111111
3028,4201,0.526315789474
3028,6510,0.55
3028,6822,0.555555555556
3028,10111,0.578947368421
3028,13534,0.521739130435
3028,15558,0.578947368421
3028,17175,0.526315789474
3028,17741,0.56
3028,21218,0.625
3028,21342,0.518518518519
3028,21458,0.6
3028,23505,0.526315789474
3028,24096,0.521739130435
3028,25005,0.521739130435
3028,26729,0.578947368421
3028,27152,0.611111111111
3028,27668,0.521739130435
3028,31233,0.521739130435
3028,32582,0.777777777778
3028,33226,0.52380952381
3028,36247,0.52380952381
3029,2134,1.0
3029,14298,1.0
3037,7499,0.583333333333
3037,9203,0.565217391304
3045,19919,0.666666666667
3200,2438,0.551724137931
3200,9022,0.516129032258
3200,9789,0.558823529412
3200,17075,0.535714285714
3200,22571,0.518518518519
3200,23802,0.51724137931
3200,29592,0.541666666667
3200,31012,0.62962962963
3200,33230,0.518518518519
3200,33392,0.515151515152
3200,36725,0.724137931034
3236,28581,0.515151515152
3256,34529,1.0
3355,21458,0.52380952381
3355,27152,0.526315789474
3425,431,0.555555555556
3425,1280,0.52
3425,2116,0.55
3425,3028,0.611111111111
3425,4769,0.555555555556
3425,4837,0.565217391304
3425,5138,0.545454545455
3425,6491,0.6
3425,6510,0.578947368421
3425,6822,0.588235294118
3425,6955,0.588235294118
3425,9190,0.555555555556
3425,9651,0.52380952381
3425,10111,0.526315789474
3425,11022,0.6
3425,12240,0.631578947368
3425,12303,0.647058823529
3425,13046,0.642857142857
3425,14360,0.521739130435
3425,15640,0.52380952381
3425,17175,0.555555555556
3425,17262,0.52380952381
3425,19134,0.533333333333
3425,19284,0.625
3425,19928,0.526315789474
3425,21218,0.5625
3425,21458,0.722222222222
3425,21814,0.625
3425,23428,0.565217391304
3425,26623,0.521739130435
3425,26753,0.5625
3425,27152,0.75
3425,27910,0.6
3425,28389,0.55
3425,28593,0.55
3425,30843,0.541666666667
3425,32036,0.555555555556
3425,32582,0.55
3425,33226,0.55
3425,38151,0.526315789474
3470,34692,0.515151515152
3511,27,0.533333333333
3512,23679,0.907216494845
3531,21529,0.571428571429
3573,13330,0.615384615385
3573,13461,0.727272727273
3575,39642,0.666666666667
3614,13183,0.666666666667
3614,15349,0.578947368421
3637,949,0.533333333333
3637,1874,0.538461538462
3637,4566,0.51724137931
3637,6028,0.515151515152
3637,6029,0.548387096774
3637,12240,0.518518518519
3637,12937,0.51724137931
3637,13364,0.514285714286
3637,14360,0.551724137931
3637,17154,0.59375
3637,21342,0.515151515152
3637,24965,0.5625
3637,26569,0.548387096774
3637,28524,0.527777777778
3637,31503,0.514285714286
3637,34624,0.588235294118
3637,36022,0.533333333333
3697,34657,0.533333333333
3714,18216,0.545454545455
3736,12923,0.5625
3736,37378,0.642857142857
3760,8450,0.507614213198
3788,28841,0.520547945205
3818,5205,1.0
3818,21625,1.0
3832,22551,1.0
3832,26967,1.0
3832,33198,1.0
3832,35926,1.0
3833,22217,0.545454545455
3834,2393,0.6
3834,9465,0.666666666667
3857,9659,0.571428571429
3863,36673,0.58064516129
3902,1746,0.518518518519
3902,11565,0.571428571429
3902,13116,0.538461538462
3902,29661,0.526315789474
3902,34331,0.571428571429
3902,34376,0.588235294118
3910,613,0.555555555556
3910,8512,0.586206896552
3910,9022,0.516129032258
3910,14897,0.533333333333
3929,110,0.620689655172
3929,27152,0.521739130435
3958,17408,0.583333333333
3971,6016,0.5625
3971,7122,0.571428571429
3971,12244,0.583333333333
3971,16535,0.533333333333
3971,17557,0.642857142857
3971,29071,0.636363636364
3971,34376,0.615384615385
3978,32817,0.583333333333
3998,28962,1.0
4005,4241,0.512820512821
4005,6806,0.548387096774
4005,9313,0.607142857143
4005,15614,0.516129032258
4005,17982,0.53125
4005,21519,0.53125
4005,21841,0.5625
4005,26569,0.58064516129
4005,27047,0.542857142857
4005,33478,0.533333333333
4012,29949,0.515151515152
4086,7685,0.560975609756
4100,1690,0.6
4100,22738,0.6
4146,18724,0.636363636364
4186,1690,0.8
4186,28130,0.625
4186,37912,0.6
4198,102,0.551724137931
4200,33450,0.666666666667
4201,3028,0.526315789474
4201,4754,0.611111111111
4201,7678,0.571428571429
4201,27226,0.588235294118
4208,25044,0.547619047619
4214,19822,0.6
4214,38057,1.0
4233,4669,0.529411764706
4233,6197,0.647058823529
4233,6955,0.588235294118
4233,13948,0.625
4233,15152,0.588235294118
4233,19284,0.529411764706
4233,28478,0.578947368421
4233,30030,0.631578947368
4233,31453,0.578947368421
4233,32139,0.578947368421
4233,37378,0.6
4241,4005,0.512820512821
4241,8651,0.560975609756
4241,21841,0.512820512821
4257,11900,0.53125
4287,1690,0.571428571429
4287,16058,0.555555555556
4303,17258,0.571428571429
4313,29012,1.0
4321,37071,0.6
4347,10403,0.529411764706
4347,15675,0.538461538462
4347,16328,0.545454545455
4347,19428,0.545454545455
4358,5138,0.51724137931
4366,6506,0.582278481013
4404,10769,0.666666666667
4455,12279,0.552795031056
4472,22190,1.0
4499,1024,1.0
4499,9559,1.0
4499,10491,1.0
4499,10804,1.0
4499,27397,1.0
4499,33557,1.0
4532,19284,0.529411764706
4547,4754,0.526315789474
4547,5501,0.545454545455
4547,13461,0.6
4547,35685,0.588235294118
4547,38464,0.526315789474
4566,35,0.518518518519
4566,253,0.516129032258
4566,1118,0.535714285714
4566,3637,0.51724137931
4566,9651,0.583333333333
4566,13160,0.538461538462
4566,15614,0.615384615385
4566,15640,0.52
4566,23278,0.51724137931
4566,27152,0.545454545455
4566,32036,0.545454545455
4566,33226,0.541666666667
4567,292,0.538461538462
4567,5898,0.545454545455
4577,27597,0.515151515152
4601,16835,0.588235294118
4601,32691,0.533333333333
4601,36199,0.526315789474
4610,31022,1.0
4636,37045,0.548387096774
4669,4233,0.529411764706
4669,4769,0.529411764706
4669,6197,0.529411764706
4669,6955,0.666666666667
4669,9190,0.529411764706
4669,10197,0.571428571429
4669,13461,0.571428571429
4669,19284,0.6
4669,20226,0.5625
4669,27152,0.529411764706
4669,32139,0.555555555556
4669,35367,0.526315789474
4671,8387,0.75
4683,21399,1.0
4683,22512,1.0
4683,35050,1.0
4684,21342,0.53125
4684,33226,0.538461538462
4735,20796,1.0
4754,4201,0.611111111111
4754,4547,0.526315789474
4754,6955,0.555555555556
4754,7041,0.55
4754,9190,0.526315789474
4754,13461,0.5625
4754,19284,0.588235294118
4754,27226,0.555555555556
4769,3425,0.555555555556
4769,4669,0.529411764706
4769,6955,0.588235294118
4769,9190,0.647058823529
4769,12240,0.55
4769,13046,0.533333333333
4769,13330,0.625
4769,19284,0.529411764706
4769,20225,0.526315789474
4769,20930,0.521739130435
4769,27152,0.555555555556
4769,32132,0.526315789474
4820,38504,0.548387096774
4830,10319,1.0
4837,3425,0.565217391304
4837,8136,0.555555555556
4837,9651,0.538461538462
4837,13347,0.51724137931
4837,14057,0.551724137931
4837,21458,0.625
4837,27152,0.565217391304
4837,35000,0.555555555556
4863,10749,0.666666666667
4863,19745,0.666666666667
4929,9022,0.515151515152
4929,23182,0.529411764706
4929,23802,0.516129032258
4939,3025,1.0
4970,484,0.714285714286
4970,19798,0.625
4982,33288,0.530120481928
5014,15311,0.666666666667
5014,18940,0.714285714286
5014,33450,0.6
5014,34669,0.571428571429
5015,1883,0.6
5015,2393,0.6
5015,10585,0.6
5015,24664,0.8
5015,31006,0.6
5074,20949,0.541176470588
5138,3425,0.545454545455
5138,4358,0.51724137931
5138,11022,0.52
5138,13160,0.6
5138,15614,0.555555555556
5138,23010,0.516129032258
5138,27152,0.619047619048
5146,8723,0.625
5146,18333,0.545454545455
5180,29257,0.603773584906
5187,17081,0.519230769231
5188,2778,0.620689655172
5205,3818,1.0
5205,21625,1.0
5258,589,0.52380952381
5258,9074,0.631578947368
5258,36008,0.526315789474
5320,14735,1.0
5332,26002,0.666666666667
5362,30423,0.521008403361
5367,24620,0.533333333333
5367,33160,0.533333333333
5367,36623,0.625
5404,696,0.518518518519
5431,25818,0.565217391304
5449,33500,0.538461538462
5461,26753,0.529411764706
5501,4547,0.545454545455
5501,9290,0.551724137931
5501,28593,0.608695652174
5501,30133,0.708333333333
5501,33649,0.538461538462
5501,36977,0.51724137931
5575,7041,0.5625
5591,32191,1.0
5695,13460,0.527777777778
5695,17075,0.516129032258
5730,27962,1.0
5730,28153,1.0
5799,29478,0.51724137931
5898,4567,0.545454545455
5898,10197,0.636363636364
5898,11426,0.555555555556
5898,18522,0.625
5923,16835,0.588235294118
5923,20823,0.526315789474
5923,26507,0.529411764706
5923,34270,0.526315789474
5923,35685,0.588235294118
5932,38316,1.0
5975,13729,0.529411764706
5997,9974,0.777777777778
5997,10906,0.545454545455
5997,12480,0.727272727273
5997,37599,0.555555555556
6016,3971,0.5625
6016,7122,0.588235294118
6016,7832,0.578947368421
6028,3637,0.515151515152
6028,21342,0.529411764706
6028,28524,0.583333333333
6029,3637,0.548387096774
6029,6117,0.571428571429
6029,21194,0.515151515152
6029,32519,0.542857142857
6029,36022,0.533333333333
6086,32677,0.775
6117,758,0.547619047619
6117,6029,0.571428571429
6117,35403,0.575757575758
6117,36022,0.558823529412
6171,10720,0.55
6171,11022,0.545454545455
6171,20471,0.55
6180,11578,0.541666666667
6180,28593,0.590909090909
6197,4233,0.647058823529
6197,4669,0.529411764706
6197,15640,0.52380952381
6197,19284,0.529411764706
6197,29717,0.588235294118
6197,30030,0.55
6197,34693,0.521739130435
6211,11465,0.535714285714
6273,1874,0.631578947368
6313,31005,0.606060606061
6341,32832,0.722222222222
6350,24778,0.625
6375,27517,0.666666666667
6403,9621,0.518867924528
6439,26932,0.681818181818
6474,27002,0.565217391304
6491,3425,0.6
6491,6822,0.55
6491,11022,0.565217391304
6491,12013,0.541666666667
6491,12240,0.521739130435
6491,21458,0.590909090909
6491,27152,0.6
6506,4366,0.582278481013
6510,812,0.526315789474
6510,3028,0.55
6510,3425,0.578947368421
6510,7217,0.51724137931
6510,10111,0.55
6510,16678,0.666666666667
6510,17318,0.52380952381
6510,19928,0.631578947368
6510,20767,0.571428571429
6510,27152,0.578947368421
6543,14725,0.51724137931
6621,12303,0.611111111111
6622,8107,0.6
6630,21534,0.529411764706
6643,10178,0.529411764706
6643,16797,0.52380952381
6643,20312,0.578947368421
6643,30677,0.521739130435
6696,10511,0.6
6806,4005,0.548387096774
6806,8651,0.558823529412
6806,11037,0.529411764706
6806,17982,0.516129032258
6806,20587,0.51724137931
6806,21519,0.566666666667
6806,28497,0.5625
6806,32036,0.541666666667
6806,36623,0.521739130435
6820,32017,0.511111111111
6822,431,0.6875
6822,812,0.529411764706
6822,3028,0.555555555556
6822,3425,0.588235294118
6822,6491,0.55
6822,6955,0.625
6822,12013,0.6
6822,19284,0.5625
6822,27152,0.588235294118
6822,32582,0.666666666667
6896,16028,0.619047619048
6952,31296,0.583333333333
6955,431,0.588235294118
6955,3425,0.588235294118
6955,4233,0.588235294118
6955,4669,0.666666666667
6955,4754,0.555555555556
6955,4769,0.588235294118
6955,6822,0.625
6955,9190,0.588235294118
6955,9651,0.55
6955,12240,0.578947368421
6955,13461,0.533333333333
6955,15614,0.521739130435
6955,19134,0.571428571429
6955,19284,0.785714285714
6955,19330,0.578947368421
6955,20226,0.529411764706
6955,20930,0.545454545455
6955,22996,0.521739130435
6955,27152,0.6875
6955,28360,0.555555555556
6955,28478,0.526315789474
6955,28516,0.52380952381
6955,31453,0.611111111111
6955,32139,0.611111111111
6971,37492,0.549019607843
7019,19515,0.571428571429
7041,697,0.55
7041,2908,0.590909090909
7041,4754,0.55
7041,5575,0.5625
7041,13298,0.521739130435
7041,14208,0.52380952381
7041,15479,0.65
7041,21683,0.52380952381
7041,22763,0.65
7041,27226,0.8125
7041,32415,0.52380952381
7041,35226,0.55
7049,13775,1.0
7058,1979,0.5625
7058,15759,0.578947368421
7058,29745,0.611111111111
7063,15185,0.666666666667
7092,33226,0.518518518519
7092,36022,0.533333333333
7122,3971,0.571428571429
7122,6016,0.588235294118
7122,34376,0.642857142857
7129,9551,0.515151515152
7129,11703,0.620689655172
7129,14443,0.51724137931
7129,23802,0.551724137931
7184,29113,0.575757575758
7193,20886,0.566176470588
7217,6510,0.51724137931
7291,37703,0.6
7321,33531,0.571428571429
7370,29461,1.0
7404,15229,0.565217391304
7404,15335,0.521739130435
7404,25569,0.608695652174
7404,26529,0.85
7416,15479,0.521739130435
7416,33674,0.538461538462
7423,8047,0.6875
7454,29562,0.548387096774
7481,30122,0.527777777778
7493,25064,0.620689655172
7499,3037,0.583333333333
7544,13948,0.533333333333
7591,13634,0.529411764706
7653,27226,0.533333333333
7678,4201,0.571428571429
7678,27152,0.571428571429
7678,27226,0.52380952381
7685,4086,0.560975609756
7700,24620,0.545454545455
7758,35954,0.52027027027
7770,9418,0.52380952381
7770,13330,0.526315789474
7770,14661,0.521739130435
7770,19284,0.526315789474
7832,6016,0.578947368421
7832,34376,0.529411764706
7856,13297,0.555555555556
7856,34828,0.555555555556
7992,8354,0.606060606061
7992,33419,0.5625
7992,38280,0.527777777778
7994,30063,1.0
7994,30805,1.0
8003,32962,1.0
8015,11434,0.516129032258
8015,21458,0.592592592593
8015,28787,0.514285714286
8018,32698,1.0
8047,7423,0.6875
8106,9158,1.0
8106,13834,1.0
8106,30132,1.0
8107,6622,0.6
8107,11470,0.5625
8136,4837,0.555555555556
8160,10227,0.540816326531
8262,30304,0.789473684211
8303,12896,0.514285714286
8311,12705,0.541666666667
8334,31849,0.68
8354,7992,0.606060606061
8354,10783,0.516129032258
8354,14897,0.58064516129
8354,32809,0.540540540541
8354,33900,0.529411764706
8354,38280,0.529411764706
8376,33165,0.545454545455
8387,4671,0.75
8396,13218,0.555555555556
8398,12303,0.55
8398,15205,0.52380952381
8398,15479,0.545454545455
8398,15927,0.521739130435
8408,28367,0.575757575758
8408,28719,0.558823529412
8450,3760,0.507614213198
8482,28787,0.516129032258
8482,32736,0.548387096774
8500,13160,0.533333333333
8500,14360,0.566666666667
8500,24965,0.529411764706
8512,3910,0.586206896552
8512,31012,0.533333333333
8525,15546,0.533333333333
8525,18821,0.52380952381
8533,28022,1.0
8566,9313,0.565217391304
8566,14208,0.52380952381
8566,32832,0.631578947368
8587,36008,0.52380952381
8594,11674,0.571428571429
8622,30096,0.590909090909
8639,24880,0.513513513514
8651,4241,0.560975609756
8651,6806,0.558823529412
8651,9313,0.515151515152
8651,21342,0.555555555556
8651,21519,0.542857142857
8668,9419,0.6
8668,12923,0.538461538462
8668,18940,0.666666666667
8668,19134,0.545454545455
8668,21080,0.777777777778
8668,25621,0.666666666667
8668,38618,0.583333333333
8679,21519,0.571428571429
8679,33478,0.518518518519
8723,5146,0.625
8723,18333,0.6
8763,19611,0.521739130435
8797,16028,0.52380952381
8797,26745,0.55
8806,27,0.592592592593
8806,15266,0.56
8806,33478,0.538461538462
8826,14306,0.538461538462
8826,29592,0.529411764706
8852,24887,0.532467532468
8861,2364,0.578947368421
8870,34445,0.545454545455
8877,26753,0.533333333333
8877,27152,0.625
8877,31755,0.526315789474
8968,30666,0.518796992481
8991,14477,0.545454545455
8995,30667,0.535714285714
9005,26286,0.583333333333
9005,31593,0.636363636364
9006,9465,0.545454545455
9012,24880,0.514285714286
9022,3200,0.516129032258
9022,3910,0.516129032258
9022,4929,0.515151515152
9022,10819,0.53125
9022,13116,0.53125
9022,14875,0.542857142857
9022,14897,0.53125
9022,23917,0.514285714286
9022,25258,0.612903225806
9022,35466,0.53125
9074,5258,0.631578947368
9074,11565,0.52380952381
9074,27044,0.529411764706
9074,36008,0.647058823529
9089,9348,0.578947368421
9099,2908,0.571428571429
9099,27152,0.555555555556
9120,15675,0.529411764706
9154,589,0.55
9158,8106,1.0
9158,13834,1.0
9158,30132,1.0
9190,3425,0.555555555556
9190,4669,0.529411764706
9190,4754,0.526315789474
9190,4769,0.647058823529
9190,6955,0.588235294118
9190,12240,0.55
9190,19284,0.529411764706
9190,20930,0.521739130435
9190,21458,0.55
9190,27152,0.647058823529
9190,28360,0.526315789474
9190,32139,0.578947368421
9190,33200,0.6
9203,3037,0.565217391304
9203,14863,0.52380952381
9203,22888,0.571428571429
9203,23432,0.52380952381
9203,23802,0.541666666667
9203,25716,0.545454545455
9203,35672,0.588235294118
9219,24248,0.555555555556
9219,37188,0.55
9251,14521,1.0
9251,37912,0.666666666667
9257,14728,0.540816326531
9290,5501,0.551724137931
9290,30939,0.545454545455
9313,2116,0.541666666667
9313,4005,0.607142857143
9313,8566,0.565217391304
9313,8651,0.515151515152
9313,12303,0.545454545455
9313,12917,0.566666666667
9313,17982,0.51724137931
9313,21841,0.551724137931
9313,26623,0.576923076923
9313,28389,0.608695652174
9313,33319,0.51724137931
9313,33478,0.518518518519
9335,37364,0.633663366337
9346,28677,0.522727272727
9348,9089,0.578947368421
9383,12302,1.0
9383,15584,1.0
9386,9931,0.666666666667
9391,26507,0.6
9418,7770,0.52380952381
9418,13257,0.555555555556
9418,24066,0.521739130435
9418,28516,0.545454545455
9419,8668,0.6
9419,12923,0.538461538462
9419,13330,0.538461538462
9419,18940,0.666666666667
9419,21080,0.6
9419,33378,0.6
9465,2393,0.666666666667
9465,3834,0.666666666667
9465,9006,0.545454545455
9465,9523,0.571428571429
9465,9974,0.555555555556
9465,10585,0.666666666667
9465,19046,0.555555555556
9465,20827,0.625
9465,22959,0.571428571429
9465,24498,0.571428571429
9465,25610,0.625
9465,31584,0.545454545455
9514,13446,1.0
9514,34659,1.0
9514,36051,1.0
9514,38201,1.0
9523,9465,0.571428571429
9523,16191,0.571428571429
9523,20243,0.571428571429
9523,22959,0.666666666667
9523,24498,0.666666666667
9541,2645,1.0
9541,13783,1.0
9541,24379,1.0
9551,7129,0.515151515152
9551,20837,0.525
9551,23802,0.58064516129
9559,1024,1.0
9559,4499,1.0
9559,10491,1.0
9559,10804,1.0
9559,27397,1.0
9559,33557,1.0
9617,15675,0.666666666667
9617,16328,0.545454545455
9617,19822,0.555555555556
9617,32342,0.555555555556
9621,6403,0.518867924528
9651,2116,0.590909090909
9651,3425,0.52380952381
9651,4566,0.583333333333
9651,4837,0.538461538462
9651,6955,0.55
9651,12240,0.521739130435
9651,12303,0.52380952381
9651,27152,0.6
9651,28389,0.590909090909
9659,3857,0.571428571429
9688,2609,0.666666666667
9696,562,0.55
9789,3200,0.558823529412
9789,11002,0.525
9789,31012,0.558823529412
9806,23692,0.541666666667
9901,16753,0.529411764706
9901,33378,0.538461538462
9901,37146,0.526315789474
9931,165,0.6
9931,9386,0.666666666667
9931,26002,0.666666666667
9931,38519,0.6
9943,21959,0.509433962264
9960,11270,1.0
9960,22421,1.0
9960,22948,1.0
9974,1958,0.583333333333
9974,2000,0.571428571429
9974,2856,0.555555555556
9974,5997,0.777777777778
9974,9465,0.555555555556
9974,10906,0.7
9974,12480,0.727272727273
9974,13948,0.538461538462
9974,19046,0.6
9974,25610,0.666666666667
9974,29717,0.615384615385
9974,31836,0.533333333333
9974,32691,0.545454545455
9974,36229,0.7
9974,37599,0.555555555556
10019,806,0.541666666667
10019,16678,0.583333333333
10019,24248,0.52380952381
10019,26729,0.545454545455
10029,21085,0.65
10092,20135,0.512820512821
10111,2116,0.52380952381
10111,3028,0.578947368421
10111,3425,0.526315789474
10111,6510,0.55
10111,12303,0.526315789474
10111,19330,0.52380952381
10111,21218,0.529411764706
10111,27152,0.526315789474
10117,35527,0.578125
10132,14084,0.625
10153,14179,0.6
10153,17360,0.529411764706
10153,32803,0.5625
10157,20382,0.666666666667
10178,6643,0.529411764706
10197,1856,0.571428571429
10197,1874,0.529411764706
10197,4669,0.571428571429
10197,5898,0.636363636364
10197,13046,0.583333333333
10197,13257,0.533333333333
10197,13461,0.538461538462
10197,20226,0.533333333333
10197,26507,0.571428571429
10197,26933,0.538461538462
10197,27681,0.538461538462
10197,31199,0.533333333333
10197,32139,0.529411764706
10202,37624,0.547511312217
10227,8160,0.540816326531
10238,13099,1.0
10238,35955,0.666666666667
10244,19046,0.555555555556
10254,2393,0.571428571429
10254,25621,0.555555555556
10293,949,0.51724137931
10293,20099,0.555555555556
10293,23258,0.551724137931
10293,33226,0.56
10293,35403,0.535714285714
10293,36022,0.51724137931
10318,11063,0.52
10318,34657,0.518518518519
10319,4830,1.0
10385,18226,1.0
10385,22241,1.0
10385,28765,1.0
10385,36095,1.0
10403,4347,0.529411764706
10478,32240,0.684210526316
10482,37993,0.576576576577
10491,1024,1.0
10491,4499,1.0
10491,9559,1.0
10491,10804,1.0
10491,27397,1.0
10491,33557,1.0
10511,6696,0.6
10511,25698,0.615384615385
10574,30903,0.555555555556
10577,32337,1.0
10585,1883,0.6
10585,2393,0.6
10585,2856,0.666666666667
10585,5015,0.6
10585,9465,0.666666666667
10585,20827,0.571428571429
10585,25610,0.571428571429
10585,31006,0.6
10603,29408,0.518518518519
10681,20949,0.51
10684,39729,0.555555555556
10697,26286,0.533333333333
10716,17747,0.521739130435
10720,6171,0.55
10720,22819,0.526315789474
10720,27152,0.526315789474
10737,13193,0.644444444444
10749,4863,0.666666666667
10769,4404,0.666666666667
10770,29298,0.578947368421
10770,32582,0.55
10773,19643,0.514018691589
10783,8354,0.516129032258
10804,1024,1.0
10804,4499,1.0
10804,9559,1.0
10804,10491,1.0
10804,27397,1.0
10804,33557,1.0
10819,613,0.571428571429
10819,9022,0.53125
10819,14513,0.515151515152
10819,23182,0.59375
10819,25458,0.513513513514
10819,33634,0.551724137931
10840,31111,0.538461538462
10906,1958,0.666666666667
10906,5997,0.545454545455
10906,9974,0.7
10906,12480,0.538461538462
10906,13948,0.615384615385
10906,19046,0.545454545455
10906,25610,0.6
10941,19859,0.55
10987,25617,0.515151515152
11002,9789,0.525
11002,13176,0.526315789474
11022,2406,0.51724137931
11022,3425,0.6
11022,5138,0.52
11022,6171,0.545454545455
11022,6491,0.565217391304
11022,12240,0.521739130435
11022,15672,0.6
11022,21458,0.590909090909
11022,26349,0.590909090909
11022,27152,0.6
11022,28593,0.590909090909
11037,27,0.514285714286
11037,6806,0.529411764706
11037,17982,0.514285714286
11056,34983,0.51724137931
11063,10318,0.52
11063,27572,0.541666666667
11106,12917,0.511627906977
11124,15225,0.6
11147,23428,0.586206896552
11147,27152,0.52
11160,14179,0.583333333333
11160,26305,0.533333333333
11160,32803,0.538461538462
11170,22816,0.6
11170,27620,0.5625
11198,30652,0.6
11210,13885,0.6875
11242,27826,0.545454545455
11270,9960,1.0
11270,22421,1.0
11270,22948,1.0
11425,30703,0.55
11426,5898,0.555555555556
11428,18417,0.523076923077
11434,35,0.555555555556
11434,8015,0.516129032258
11436,27051,1.0
11442,258,1.0
11465,6211,0.535714285714
11465,27002,0.56
11470,8107,0.5625
11470,32139,0.590909090909
11479,19134,0.583333333333
11479,32803,0.538461538462
11479,37378,0.538461538462
11509,29434,0.535714285714
11565,3902,0.571428571429
11565,9074,0.52380952381
11565,29745,0.521739130435
11578,376,0.521739130435
11578,6180,0.541666666667
11578,12149,0.541666666667
11578,17791,0.521739130435
11578,30096,0.521739130435
11578,33226,0.565217391304
11578,33649,0.56
11578,38282,0.51724137931
11635,2908,0.518518518519
11674,8594,0.571428571429
11703,7129,0.620689655172
11703,27073,0.586206896552
11717,23872,0.522727272727
11727,31058,1.0
11802,19869,0.615384615385
11802,28497,0.552631578947
11852,18157,0.518518518519
11852,37452,0.518518518519
11900,4257,0.53125
11900,20587,0.555555555556
11900,24965,0.516129032258
11900,28719,0.53125
11900,32036,0.521739130435
11900,33226,0.652173913043
11900,35000,0.518518518519
11919,33132,0.565217391304
11981,15786,0.51724137931
11981,24965,0.53125
12013,6491,0.541666666667
12013,6822,0.6
12013,20930,0.6
12013,27152,0.571428571429
12013,32139,0.590909090909
12013,33674,0.518518518519
12079,36792,0.75
12115,21930,0.560975609756
12149,376,0.545454545455
12149,11578,0.541666666667
12149,16738,0.538461538462
12149,21218,0.526315789474
12240,3425,0.631578947368
12240,3637,0.518518518519
12240,4769,0.55
12240,6491,0.521739130435
12240,6955,0.578947368421
12240,9190,0.55
12240,9651,0.521739130435
12240,11022,0.521739130435
12240,19284,0.526315789474
12240,21458,0.619047619048
12240,27152,0.631578947368
12240,27910,0.590909090909
12244,1437,0.538461538462
12244,3971,0.583333333333
12244,13297,0.545454545455
12244,34376,0.538461538462
12244,34828,0.545454545455
12273,18844,0.592592592593
12279,4455,0.552795031056
12302,9383,1.0
12302,15584,1.0
12303,2116,0.55
12303,3425,0.647058823529
12303,6621,0.611111111111
12303,8398,0.55
12303,9313,0.545454545455
12303,9651,0.52380952381
12303,10111,0.526315789474
12303,14360,0.521739130435
12303,15205,0.611111111111
12303,19612,0.526315789474
12303,20235,0.541666666667
12303,21814,0.529411764706
12303,26623,0.521739130435
12303,27152,0.555555555556
12303,27910,0.6
12303,28389,0.631578947368
12303,33226,0.55
12303,33319,0.52
12303,33478,0.590909090909
12313,38868,1.0
12313,39487,1.0
12314,24004,0.526315789474
12317,12560,0.666666666667
12437,2558,0.53125
12480,5997,0.727272727273
12480,9974,0.727272727273
12480,10906,0.538461538462
12480,19046,0.583333333333
12480,36229,0.538461538462
12485,31866,0.582278481013
12560,12317,0.666666666667
12569,21990,0.518518518519
12705,8311,0.541666666667
12724,17217,0.511627906977
12725,27122,0.75
12758,246,1.0
12758,994,1.0
12758,19187,1.0
12758,28115,1.0
12876,25836,0.666666666667
12896,8303,0.514285714286
12896,15408,0.666666666667
12896,37045,0.545454545455
12917,9313,0.566666666667
12917,11106,0.511627906977
12917,20078,0.514285714286
12917,27270,0.5625
12922,27030,0.594594594595
12923,292,0.533333333333
12923,3736,0.5625
12923,8668,0.538461538462
12923,9419,0.538461538462
12923,18940,0.583333333333
12923,21080,0.538461538462
12923,25621,0.583333333333
12923,30252,0.529411764706
12923,31515,0.6
12923,35692,0.571428571429
12923,37146,0.526315789474
12923,38618,0.533333333333
12937,2558,0.535714285714
12937,3637,0.51724137931
12937,32036,0.545454545455
13046,3425,0.642857142857
13046,4769,0.533333333333
13046,10197,0.583333333333
13046,21218,0.538461538462
13046,27152,0.533333333333
13060,22941,0.594594594595
13099,10238,1.0
13099,35955,0.666666666667
13116,3902,0.538461538462
13116,9022,0.53125
13157,15849,0.533333333333
13160,4566,0.538461538462
13160,5138,0.6
13160,8500,0.533333333333
13160,14360,0.518518518519
13160,15266,0.538461538462
13160,15614,0.68
13160,24965,0.533333333333
13160,27152,0.545454545455
13160,28389,0.541666666667
13160,33226,0.541666666667
13160,33478,0.518518518519
13176,11002,0.526315789474
13176,23802,0.612903225806
13183,3614,0.666666666667
13193,10737,0.644444444444
13218,8396,0.555555555556
13227,237,0.505494505495
13257,9418,0.555555555556
13257,10197,0.533333333333
13257,19196,0.625
13257,20226,0.529411764706
13257,24508,0.6
13257,26933,0.642857142857
13257,28516,0.52380952381
13297,1437,0.583333333333
13297,7856,0.555555555556
13297,12244,0.545454545455
13298,7041,0.521739130435
13330,3573,0.615384615385
13330,4769,0.625
13330,7770,0.526315789474
13330,9419,0.538461538462
13330,13461,0.571428571429
13330,18464,0.529411764706
13330,20226,0.5625
13330,32132,0.6875
13347,4837,0.51724137931
13347,16738,0.51724137931
13364,3637,0.514285714286
13411,14603,0.52
13411,15558,0.55
13411,17262,0.545454545455
13437,15640,0.518518518519
13446,9514,1.0
13446,34659,1.0
13446,36051,1.0
13446,38201,1.0
13460,5695,0.527777777778
13461,3573,0.727272727273
13461,4547,0.6
13461,4669,0.571428571429
13461,4754,0.5625
13461,6955,0.533333333333
13461,10197,0.538461538462
13461,13330,0.571428571429
13461,19284,0.571428571429
13461,20226,0.642857142857
13461,31199,0.533333333333
13461,35277,0.571428571429
13461,35685,0.533333333333
13482,21231,0.533333333333
13482,25818,0.555555555556
13490,19328,0.573770491803
13532,14079,1.0
13534,35,0.518518518519
13534,2116,0.541666666667
13534,3028,0.521739130435
13534,18542,0.545454545455
13534,21342,0.533333333333
13534,28360,0.521739130435
13534,37617,0.541666666667
13574,29507,0.538461538462
13607,27044,0.6
13634,7591,0.529411764706
13729,5975,0.529411764706
13775,7049,1.0
13783,2645,1.0
13783,9541,1.0
13783,24379,1.0
13797,32282,0.516129032258
13834,8106,1.0
13834,9158,1.0
13834,30132,1.0
13837,21194,0.515151515152
13854,32626,1.0
13854,33838,1.0
13885,11210,0.6875
13948,292,0.533333333333
13948,4233,0.625
13948,7544,0.533333333333
13948,9974,0.538461538462
13948,10906,0.615384615385
13948,19046,0.538461538462
13948,29717,0.5625
13948,37378,0.571428571429
13976,847,0.571428571429
14054,1234,0.666666666667
14057,4837,0.551724137931
14079,13532,1.0
14084,10132,0.625
14102,20425,1.0
14111,37378,0.538461538462
14141,353,0.58064516129
14143,32645,0.666666666667
14179,10153,0.6
14179,11160,0.583333333333
14179,16048,0.538461538462
14179,17360,0.666666666667
14179,32803,0.727272727273
14208,7041,0.52380952381
14208,8566,0.52380952381
14208,15672,0.52
14208,16048,0.588235294118
14208,22763,0.833333333333
14208,28288,0.571428571429
14214,21814,0.529411764706
14214,26932,0.55
14264,28649,0.521739130435
14272,24923,0.684210526316
14283,23811,0.535714285714
14283,33942,0.52
14298,2134,1.0
14298,3029,1.0
14305,31344,0.666666666667
14306,8826,0.538461538462
14306,32301,0.538461538462
14360,2774,0.533333333333
14360,3425,0.521739130435
14360,3637,0.551724137931
14360,8500,0.566666666667
14360,12303,0.521739130435
14360,13160,0.518518518519
14360,15614,0.535714285714
14360,24965,0.566666666667
14360,28389,0.52
14405,37929,0.576923076923
14443,7129,0.51724137931
14443,23802,0.535714285714
14460,24955,0.608695652174
14477,8991,0.545454545455
14478,30843,0.533333333333
14513,10819,0.515151515152
14521,9251,1.0
14521,37912,0.666666666667
14603,13411,0.52
14621,38580,0.551724137931
14661,7770,0.521739130435
14725,6543,0.51724137931
14728,9257,0.540816326531
14735,5320,1.0
14788,15939,0.547368421053
14792,16306,0.54
14794,37919,0.666666666667
14863,9203,0.52380952381
14863,28287,0.6
14870,23645,0.586206896552
14875,9022,0.542857142857
14897,3910,0.533333333333
14897,8354,0.58064516129
14897,9022,0.53125
14897,25458,0.513513513514
14919,2869,0.666666666667
15115,38654,1.0
15116,38618,0.571428571429
15150,29179,0.518134715026
15152,4233,0.588235294118
15164,1827,0.578947368421
15164,32132,0.55
15164,36227,0.526315789474
15183,32677,0.510638297872
15185,7063,0.666666666667
15198,36184,0.6
15205,8398,0.52380952381
15205,12303,0.611111111111
15211,19015,0.522388059701
15225,11124,0.6
15229,7404,0.565217391304
15266,1118,0.592592592593
15266,8806,0.56
15266,13160,0.538461538462
15311,5014,0.666666666667
15311,33450,0.6
15311,34669,0.571428571429
15320,2312,1.0
15320,16039,1.0
15320,18589,1.0
15320,21842,1.0
15320,24635,1.0
15320,25476,1.0
15320,31994,1.0
15335,7404,0.521739130435
15335,20368,0.555555555556
15349,3614,0.578947368421
15408,12896,0.666666666667
15458,21069,0.555555555556
15479,2908,0.565217391304
15479,7041,0.65
15479,7416,0.521739130435
15479,8398,0.545454545455
15479,27226,0.578947368421
15479,30904,0.518518518519
15521,34734,0.625
15546,8525,0.533333333333
15546,19898,0.7
15546,33113,0.583333333333
15549,17618,0.52
15558,1827,0.611111111111
15558,3028,0.578947368421
15558,13411,0.55
15558,19156,0.684210526316
15558,21218,0.529411764706
15558,21231,0.5625
15558,21458,0.52380952381
15558,25818,0.578947368421
15558,26932,0.52380952381
15558,28389,0.52380952381
15558,31858,0.56
15558,32582,0.52380952381
15558,33300,0.526315789474
15564,18821,0.538461538462
15584,9383,1.0
15584,12302,1.0
15614,35,0.535714285714
15614,2116,0.56
15614,4005,0.516129032258
15614,4566,0.615384615385
15614,5138,0.555555555556
15614,6955,0.521739130435
15614,13160,0.68
15614,14360,0.535714285714
15614,21342,0.548387096774
15614,22996,0.51724137931
15614,24965,0.548387096774
15614,27152,0.565217391304
15614,28581,0.571428571429
15614,31503,0.59375
15614,32036,0.565217391304
15614,32139,0.52
15614,33226,0.56
15640,3425,0.52380952381
15640,4566,0.52
15640,6197,0.52380952381
15640,13437,0.518518518519
15640,15672,0.538461538462
15640,20226,0.55
15640,25746,0.541666666667
15640,27152,0.52380952381
15649,37929,0.518518518519
15671,29235,0.666666666667
15672,11022,0.6
15672,14208,0.52
15672,15640,0.538461538462
15672,24096,0.555555555556
15672,38151,0.541666666667
15675,1673,0.526315789474
15675,2574,0.588235294118
15675,4347,0.538461538462
15675,9120,0.529411764706
15675,9617,0.666666666667
15675,31121,0.555555555556
15675,37567,0.529411764706
15759,7058,0.578947368421
15759,21068,0.608695652174
15777,21249,0.520467836257
15786,11981,0.51724137931
15801,24372,0.6
15801,25105,0.666666666667
15836,36792,0.6
15837,313,0.5625
15837,22774,0.533333333333
15849,13157,0.533333333333
15888,1766,1.0
15888,22432,1.0
15888,24709,1.0
15888,31630,1.0
15903,20388,1.0
15903,20916,1.0
15903,31811,1.0
15903,32537,1.0
15903,36997,1.0
15927,1827,0.52380952381
15927,8398,0.521739130435
15927,21106,0.619047619048
15939,14788,0.547368421053
15962,254,0.533333333333
15987,24170,0.621621621622
16028,6896,0.619047619048
16028,8797,0.52380952381
16039,2312,1.0
16039,15320,1.0
16039,18589,1.0
16039,21842,1.0
16039,24635,1.0
16039,25476,1.0
16039,31994,1.0
16046,23182,0.545454545455
16048,14179,0.538461538462
16048,14208,0.588235294118
16048,17747,0.529411764706
16048,35755,0.526315789474
16049,21361,0.538461538462
16049,28130,0.545454545455
16058,4287,0.555555555556
16058,26933,0.545454545455
16191,9523,0.571428571429
16191,22959,0.571428571429
16191,24498,0.571428571429
16289,21458,0.56
16290,19134,0.538461538462
16298,31329,1.0
16306,14792,0.54
16328,4347,0.545454545455
16328,9617,0.545454545455
16328,33624,0.545454545455
16385,27812,0.524822695035
16417,20235,0.529411764706
16417,33478,0.515151515152
16535,3971,0.533333333333
16620,18154,0.6
16620,33674,0.636363636364
16678,6510,0.666666666667
16678,10019,0.583333333333
16678,17318,0.521739130435
16678,24248,0.52380952381
16733,39522,1.0
16738,12149,0.538461538462
16738,13347,0.51724137931
16753,9901,0.529411764706
16753,37146,0.55
16788,34376,0.529411764706
16797,6643,0.52380952381
16835,292,0.6
16835,4601,0.588235294118
16835,5923,0.588235294118
16835,34270,0.555555555556
16835,35685,0.529411764706
16844,17009,0.583333333333
16870,1259,0.592233009709
16870,19582,0.571428571429
16883,22977,1.0
16892,1874,0.578947368421
16892,31755,0.55
16892,32036,0.647058823529
16892,33226,0.55
16910,34657,0.515151515152
16939,35027,0.571428571429
16949,19575,0.524193548387
16961,18804,0.6
17009,16844,0.583333333333
17009,20563,0.666666666667
17075,3200,0.535714285714
17075,5695,0.516129032258
17081,5187,0.519230769231
17094,24180,0.709677419355
17116,26362,0.583333333333
17154,3637,0.59375
17154,21342,0.514285714286
17163,25066,1.0
17170,23830,0.625
17175,3028,0.526315789474
17175,3425,0.555555555556
17175,19134,0.533333333333
17175,27152,0.555555555556
17175,28389,0.55
17188,389,0.545454545455
17189,30335,0.518518518519
17217,12724,0.511627906977
17258,4303,0.571428571429
17262,2116,0.521739130435
17262,3425,0.52380952381
17262,13411,0.545454545455
17262,27152,0.52380952381
17262,28593,0.590909090909
17262,32132,0.571428571429
17262,35000,0.583333333333
17318,6510,0.52380952381
17318,16678,0.521739130435
17360,292,0.571428571429
17360,1856,0.533333333333
17360,10153,0.529411764706
17360,14179,0.666666666667
17360,32803,0.75
17360,33378,0.583333333333
17360,36199,0.529411764706
17360,37378,0.615384615385
17404,376,0.608695652174
17408,3958,0.583333333333
17557,581,0.533333333333
17557,3971,0.642857142857
17563,36432,0.538461538462
17618,15549,0.52
17619,20686,0.529411764706
17722,26573,0.6
17741,3028,0.56
17741,38151,0.56
17747,1856,0.588235294118
17747,2558,0.52
17747,10716,0.521739130435
17747,16048,0.529411764706
17748,39722,0.615384615385
17791,11578,0.521739130435
17791,25191,0.526315789474
17791,26753,0.588235294118
17791,27910,0.619047619048
17791,30096,0.52380952381
17791,33226,0.571428571429
17820,147,0.56
17820,35303,0.590909090909
17820,38384,0.52
17826,18024,0.527397260274
17870,29298,0.555555555556
17960,19261,0.571428571429
17982,2086,0.592592592593
17982,2116,0.518518518519
17982,4005,0.53125
17982,6806,0.516129032258
17982,9313,0.51724137931
17982,11037,0.514285714286
17982,20131,0.51724137931
17982,21841,0.53125
17982,28389,0.518518518519
17982,28831,0.576923076923
17982,31005,0.516129032258
17982,32036,0.52
17982,33226,0.518518518519
18000,38134,1.0
18024,17826,0.527397260274
18070,31921,0.606060606061
18153,36298,0.777777777778
18154,16620,0.6
18154,33674,0.538461538462
18157,2310,0.52
18157,11852,0.518518518519
18202,27586,0.576086956522
18211,948,0.6875
18216,3714,0.545454545455
18216,31396,0.555555555556
18225,625,0.571428571429
18226,10385,1.0
18226,22241,1.0
18226,28765,1.0
18226,36095,1.0
18261,32190,0.558282208589
18310,33942,0.576923076923
18323,469,1.0
18323,20065,1.0
18324,26029,0.541666666667
18333,5146,0.545454545455
18333,8723,0.6
18333,35692,0.538461538462
18333,37378,0.538461538462
18405,38521,0.636363636364
18417,11428,0.523076923077
18464,13330,0.529411764706
18500,1674,0.647058823529
18500,34692,0.566666666667
18521,31296,0.545454545455
18521,36644,0.583333333333
18522,5898,0.625
18542,13534,0.545454545455
18542,26729,0.526315789474
18542,31836,0.526315789474
18542,37617,0.631578947368
18589,2312,1.0
18589,15320,1.0
18589,16039,1.0
18589,21842,1.0
18589,24635,1.0
18589,25476,1.0
18589,31994,1.0
18597,29434,0.791666666667
18694,20492,1.0
18710,33225,0.522727272727
18710,37238,0.517857142857
18724,4146,0.636363636364
18804,16961,0.6
18821,8525,0.52380952381
18821,15564,0.538461538462
18844,12273,0.592592592593
18883,18940,0.545454545455
18917,23861,1.0
18940,5014,0.714285714286
18940,8668,0.666666666667
18940,9419,0.666666666667
18940,12923,0.583333333333
18940,18883,0.545454545455
18940,21080,0.666666666667
18940,25621,0.555555555556
18940,35481,0.538461538462
18940,35692,0.545454545455
19015,15211,0.522388059701
19015,23481,0.619718309859
19046,9465,0.555555555556
19046,9974,0.6
19046,10244,0.555555555556
19046,10906,0.545454545455
19046,12480,0.583333333333
19046,13948,0.538461538462
19046,25610,0.666666666667
19046,36229,0.7
19055,33478,0.51724137931
19086,27338,1.0
19088,313,0.533333333333
19088,29451,0.6
19088,29661,0.533333333333
19097,32843,0.625
19134,3425,0.533333333333
19134,6955,0.571428571429
19134,8668,0.545454545455
19134,11479,0.583333333333
19134,16290,0.538461538462
19134,17175,0.533333333333
19134,19284,0.615384615385
19134,21080,0.545454545455
19134,23505,0.533333333333
19134,27152,0.533333333333
19134,32803,0.583333333333
19134,33378,0.545454545455
19134,37378,0.583333333333
19156,15558,0.684210526316
19187,246,1.0
19187,994,1.0
19187,12758,1.0
19187,28115,1.0
19196,13257,0.625
19196,26933,0.642857142857
19261,17960,0.571428571429
19284,431,0.529411764706
19284,3425,0.625
19284,4233,0.529411764706
19284,4532,0.529411764706
19284,4669,0.6
19284,4754,0.588235294118
19284,4769,0.529411764706
19284,6197,0.529411764706
19284,6822,0.5625
19284,6955,0.785714285714
19284,7770,0.526315789474
19284,9190,0.529411764706
19284,12240,0.526315789474
19284,13461,0.571428571429
19284,19134,0.615384615385
19284,20226,0.5625
19284,21458,0.526315789474
19284,23505,0.529411764706
19284,27152,0.625
19284,31453,0.555555555556
19328,13490,0.573770491803
19329,25698,0.615384615385
19329,26286,0.533333333333
19330,431,0.55
19330,6955,0.578947368421
19330,10111,0.52380952381
19330,27152,0.55
19383,24096,0.538461538462
19394,20311,0.875
19396,24096,0.518518518519
19396,32701,0.541666666667
19396,33533,0.551724137931
19396,36384,0.6
19428,4347,0.545454545455
19459,26007,0.642857142857
19462,20772,0.6
19471,31631,0.513618677043
19515,7019,0.571428571429
19575,16949,0.524193548387
19577,33392,0.526315789474
19582,16870,0.571428571429
19611,8763,0.521739130435
19612,12303,0.526315789474
19612,21218,0.529411764706
19627,35466,0.51724137931
19643,10773,0.514018691589
19669,32036,0.521739130435
19704,2333,0.666666666667
19709,22297,0.666666666667
19726,28287,0.521739130435
19744,2093,1.0
19745,4863,0.666666666667
19798,4970,0.625
19798,31015,0.555555555556
19819,29764,0.538461538462
19822,4214,0.6
19822,9617,0.555555555556
19822,28503,0.571428571429
19822,31296,0.625
19822,32342,0.666666666667
19822,38057,0.6
19859,10941,0.55
19869,11802,0.615384615385
19877,35712,0.555555555556
19896,36748,1.0
19898,15546,0.7
19898,33113,0.636363636364
19919,3045,0.666666666667
19928,3425,0.526315789474
19928,6510,0.631578947368
19928,27152,0.526315789474
19942,20491,0.62
19968,2774,0.514285714286
20012,1746,0.52
20065,469,1.0
20065,18323,1.0
20078,12917,0.514285714286
20078,33478,0.516129032258
20078,35073,0.5625
20099,10293,0.555555555556
20099,23258,0.592592592593
20131,17982,0.51724137931
20131,32036,0.545454545455
20134,25925,0.553398058252
20135,10092,0.512820512821
20144,35071,1.0
20204,28320,0.8
20225,4769,0.526315789474
20225,33226,0.6
20226,4669,0.5625
20226,6955,0.529411764706
20226,10197,0.533333333333
20226,13257,0.529411764706
20226,13330,0.5625
20226,13461,0.642857142857
20226,15640,0.55
20226,19284,0.5625
20226,21683,0.611111111111
20226,22987,0.5625
20226,30446,0.526315789474
20226,31199,0.529411764706
20226,31453,0.526315789474
20226,36227,0.529411764706
20235,12303,0.541666666667
20235,16417,0.529411764706
20235,27047,0.529411764706
20235,27152,0.541666666667
20243,9523,0.571428571429
20311,19394,0.875
20312,6643,0.578947368421
20357,38660,0.584269662921
20358,792,0.52380952381
20368,15335,0.555555555556
20369,22451,0.666666666667
20382,10157,0.666666666667
20388,15903,1.0
20388,20916,1.0
20388,31811,1.0
20388,32537,1.0
20388,36997,1.0
20416,26235,0.526315789474
20425,14102,1.0
20448,37528,0.555555555556
20471,6171,0.55
20491,19942,0.62
20492,18694,1.0
20545,28485,1.0
20563,17009,0.666666666667
20587,1874,0.541666666667
20587,6806,0.51724137931
20587,11900,0.555555555556
20587,31005,0.51724137931
20587,33141,0.52
20615,36227,0.55
20628,25134,0.571428571429
20666,27603,0.6328125
20677,22491,0.51724137931
20686,17619,0.529411764706
20746,1891,0.534482758621
20765,33890,0.538461538462
20767,6510,0.571428571429
20772,19462,0.6
20796,4735,1.0
20823,5923,0.526315789474
20827,2393,0.571428571429
20827,9465,0.625
20827,10585,0.571428571429
20827,25610,0.555555555556
20837,9551,0.525
20837,26195,0.552631578947
20874,1876,0.666666666667
20874,2872,0.666666666667
20886,7193,0.566176470588
20916,15903,1.0
20916,20388,1.0
20916,31811,1.0
20916,32537,1.0
20916,36997,1.0
20930,4769,0.521739130435
20930,6955,0.545454545455
20930,9190,0.521739130435
20930,12013,0.6
20930,27152,0.590909090909
20930,28360,0.565217391304
20930,32139,0.541666666667
20949,5074,0.541176470588
20949,10681,0.51
21054,32947,0.6
21068,15759,0.608695652174
21069,15458,0.555555555556
21080,8668,0.777777777778
21080,9419,0.6
21080,12923,0.538461538462
21080,18940,0.666666666667
21080,19134,0.545454545455
21080,24839,0.615384615385
21080,25621,0.666666666667
21080,26846,0.6
21080,38618,0.583333333333
21085,10029,0.65
21106,15927,0.619047619048
21110,32036,0.521739130435
21152,27409,0.666666666667
21152,32440,1.0
21194,6029,0.515151515152
21194,13837,0.515151515152
21194,21519,0.5625
21194,32519,0.555555555556
21194,37499,0.51724137931
21218,3028,0.625
21218,3425,0.5625
21218,10111,0.529411764706
21218,12149,0.526315789474
21218,13046,0.538461538462
21218,15558,0.529411764706
21218,19612,0.529411764706
21218,23980,0.555555555556
21218,26729,0.529411764706
21218,26932,0.555555555556
21218,27152,0.5625
21218,28130,0.583333333333
21218,32036,0.5625
21218,32582,0.555555555556
21218,35169,0.529411764706
21231,13482,0.533333333333
21231,15558,0.5625
21231,29507,0.666666666667
21239,21246,0.568965517241
21246,21239,0.568965517241
21249,15777,0.520467836257
21265,33995,1.0
21318,22725,0.551724137931
21342,3028,0.518518518519
21342,3637,0.515151515152
21342,4684,0.53125
21342,6028,0.529411764706
21342,8651,0.555555555556
21342,13534,0.533333333333
21342,15614,0.548387096774
21342,17154,0.514285714286
21342,21458,0.535714285714
21342,27152,0.538461538462
21342,31503,0.571428571429
21342,33226,0.535714285714
21350,33973,1.0
21361,16049,0.538461538462
21361,28130,0.583333333333
21399,4683,1.0
21399,22512,1.0
21399,35050,1.0
21458,431,0.55
21458,3028,0.6
21458,3355,0.52380952381
21458,3425,0.722222222222
21458,4837,0.625
21458,6491,0.590909090909
21458,8015,0.592592592593
21458,9190,0.55
21458,11022,0.590909090909
21458,12240,0.619047619048
21458,15558,0.52380952381
21458,16289,0.56
21458,19284,0.526315789474
21458,21342,0.535714285714
21458,26349,0.545454545455
21458,27152,0.722222222222
21458,27910,0.590909090909
21458,32582,0.545454545455
21458,33836,0.521739130435
21513,27586,0.531914893617
21519,102,0.515151515152
21519,4005,0.53125
21519,6806,0.566666666667
21519,8651,0.542857142857
21519,8679,0.571428571429
21519,21194,0.5625
21519,33478,0.551724137931
21519,36022,0.533333333333
21529,3531,0.571428571429
21534,6630,0.529411764706
21553,29176,0.529411764706
21601,34828,0.533333333333
21609,27844,1.0
21625,3818,1.0
21625,5205,1.0
21683,7041,0.52380952381
21683,20226,0.611111111111
21683,31453,0.52380952381
21705,30626,0.521739130435
21814,3425,0.625
21814,12303,0.529411764706
21814,14214,0.529411764706
21814,23325,0.529411764706
21814,26753,0.642857142857
21814,27152,0.529411764706
21814,32036,0.529411764706
21833,31789,0.508771929825
21841,4005,0.5625
21841,4241,0.512820512821
21841,9313,0.551724137931
21841,17982,0.53125
21841,33319,0.58064516129
21842,2312,1.0
21842,15320,1.0
21842,16039,1.0
21842,18589,1.0
21842,24635,1.0
21842,25476,1.0
21842,31994,1.0
21930,12115,0.560975609756
21959,9943,0.509433962264
21990,12569,0.518518518519
22038,24436,0.533333333333
22038,24880,0.515151515152
22038,35303,0.518518518519
22159,24965,0.53125
22190,4472,1.0
22217,3833,0.545454545455
22241,10385,1.0
22241,18226,1.0
22241,28765,1.0
22241,36095,1.0
22269,32032,0.561797752809
22297,19709,0.666666666667
22305,33478,0.52
22421,9960,1.0
22421,11270,1.0
22421,22948,1.0
22432,1766,1.0
22432,15888,1.0
22432,24709,1.0
22432,31630,1.0
22451,20369,0.666666666667
22474,2393,0.8
22474,34572,0.555555555556
22491,20677,0.51724137931
22512,4683,1.0
22512,21399,1.0
22512,35050,1.0
22551,3832,1.0
22551,26967,1.0
22551,33198,1.0
22551,35926,1.0
22571,3200,0.518518518519
22571,31012,0.518518518519
22571,36008,0.52380952381
22626,29562,0.516129032258
22681,26607,0.503649635036
22725,21318,0.551724137931
22738,1690,0.6
22738,4100,0.6
22763,2558,0.538461538462
22763,7041,0.65
22763,14208,0.833333333333
22763,28787,0.51724137931
22763,31233,0.541666666667
22774,313,0.6
22774,15837,0.533333333333
22792,39502,1.0
22815,33113,0.615384615385
22816,11170,0.6
22816,27826,0.565217391304
22816,30370,0.652173913043
22819,10720,0.526315789474
22819,33836,0.52380952381
22875,23542,0.517857142857
22888,9203,0.571428571429
22888,35672,0.578947368421
22941,13060,0.594594594595
22948,9960,1.0
22948,11270,1.0
22948,22421,1.0
22959,9465,0.571428571429
22959,9523,0.666666666667
22959,16191,0.571428571429
22959,24498,0.666666666667
22977,16883,1.0
22987,20226,0.5625
22996,6955,0.521739130435
22996,15614,0.51724137931
22996,27152,0.565217391304
23007,1186,1.0
23007,23979,1.0
23008,26453,0.586206896552
23010,2406,0.514285714286
23010,5138,0.516129032258
23117,26448,0.666666666667
23125,1245,0.514792899408
23182,4929,0.529411764706
23182,10819,0.59375
23182,16046,0.545454545455
23182,25458,0.512820512821
23182,27073,0.53125
23182,27879,0.538461538462
23182,33392,0.527777777778
23258,10293,0.551724137931
23258,20099,0.592592592593
23278,4566,0.51724137931
23325,1384,0.529411764706
23325,21814,0.529411764706
23325,27152,0.555555555556
23325,32036,0.555555555556
23428,3425,0.565217391304
23428,11147,0.586206896552
23428,28593,0.56
23432,9203,0.52380952381
23481,19015,0.619718309859
23505,3028,0.526315789474
23505,19134,0.533333333333
23505,19284,0.529411764706
23505,27152,0.555555555556
23542,22875,0.517857142857
23544,29507,0.538461538462
23645,14870,0.586206896552
23651,34856,0.694444444444
23679,3512,0.907216494845
23692,9806,0.541666666667
23762,38767,1.0
23762,38784,1.0
23762,39313,1.0
23785,34141,0.542857142857
23802,3200,0.51724137931
23802,4929,0.516129032258
23802,7129,0.551724137931
23802,9203,0.541666666667
23802,9551,0.58064516129
23802,13176,0.612903225806
23802,14443,0.535714285714
23802,29592,0.541666666667
23802,30848,0.533333333333
23802,31012,0.51724137931
23811,14283,0.535714285714
23830,17170,0.625
23838,2490,0.526315789474
23860,1674,0.588235294118
23861,18917,1.0
23872,11717,0.522727272727
23917,9022,0.514285714286
23917,38280,0.527777777778
23973,424,0.542635658915
23979,1186,1.0
23979,23007,1.0
23980,21218,0.555555555556
23980,30771,0.541666666667
24004,12314,0.526315789474
24056,34829,0.547619047619
24066,9418,0.521739130435
24066,31836,0.521739130435
24085,35187,0.625
24096,1929,0.53125
24096,3028,0.521739130435
24096,15672,0.555555555556
24096,19383,0.538461538462
24096,19396,0.518518518519
24096,32582,0.541666666667
24096,36384,0.516129032258
24170,15987,0.621621621622
24180,17094,0.709677419355
24248,306,0.526315789474
24248,9219,0.555555555556
24248,10019,0.52380952381
24248,16678,0.52380952381
24372,15801,0.6
24379,2645,1.0
24379,9541,1.0
24379,13783,1.0
24398,31306,0.518518518519
24404,27490,0.51724137931
24404,38291,0.535714285714
24436,22038,0.533333333333
24436,37890,0.518518518519
24498,9465,0.571428571429
24498,9523,0.666666666667
24498,16191,0.571428571429
24498,22959,0.666666666667
24508,13257,0.6
24508,26933,0.615384615385
24577,2535,0.519061583578
24600,32139,0.535714285714
24620,5367,0.533333333333
24620,7700,0.545454545455
24635,2312,1.0
24635,15320,1.0
24635,16039,1.0
24635,18589,1.0
24635,21842,1.0
24635,25476,1.0
24635,31994,1.0
24663,36008,0.55
24664,5015,0.8
24709,1766,1.0
24709,15888,1.0
24709,22432,1.0
24709,31630,1.0
24778,6350,0.625
24783,32660,1.0
24839,21080,0.615384615385
24880,8639,0.513513513514
24880,9012,0.514285714286
24880,22038,0.515151515152
24887,8852,0.532467532468
24923,14272,0.684210526316
24955,14460,0.608695652174
24955,25243,0.535714285714
24965,3637,0.5625
24965,8500,0.529411764706
24965,11900,0.516129032258
24965,11981,0.53125
24965,13160,0.533333333333
24965,14360,0.566666666667
24965,15614,0.548387096774
24965,22159,0.53125
24965,35403,0.516129032258
24965,36022,0.655172413793
25005,3028,0.521739130435
25005,32582,0.608695652174
25044,4208,0.547619047619
25064,7493,0.620689655172
25066,17163,1.0
25105,15801,0.666666666667
25111,25900,1.0
25111,31397,1.0
25134,20628,0.571428571429
25191,17791,0.526315789474
25191,29507,0.533333333333
25191,36298,0.615384615385
25243,24955,0.535714285714
25258,9022,0.612903225806
25391,1669,0.764705882353
25458,10819,0.513513513514
25458,14897,0.513513513514
25458,23182,0.512820512821
25476,2312,1.0
25476,15320,1.0
25476,16039,1.0
25476,18589,1.0
25476,21842,1.0
25476,24635,1.0
25476,31994,1.0
25549,2393,0.666666666667
25569,7404,0.608695652174
25610,1948,0.545454545455
25610,1958,0.636363636364
25610,9465,0.625
25610,9974,0.666666666667
25610,10585,0.571428571429
25610,10906,0.6
25610,19046,0.666666666667
25610,20827,0.555555555556
25610,36229,0.777777777778
25610,37378,0.545454545455
25617,10987,0.515151515152
25621,2393,0.571428571429
25621,8668,0.666666666667
25621,10254,0.555555555556
25621,12923,0.583333333333
25621,18940,0.555555555556
25621,21080,0.666666666667
25698,10511,0.615384615385
25698,19329,0.615384615385
25698,29764,0.583333333333
25716,9203,0.545454545455
25746,1856,0.55
25746,15640,0.541666666667
25807,32342,0.571428571429
25818,1827,0.526315789474
25818,5431,0.565217391304
25818,13482,0.555555555556
25818,15558,0.578947368421
25836,12876,0.666666666667
25836,28185,0.666666666667
25836,32121,0.666666666667
25858,36232,0.590909090909
25900,25111,1.0
25900,31397,1.0
25925,20134,0.553398058252
25970,37375,0.571428571429
25994,33185,0.530303030303
26002,5332,0.666666666667
26002,9931,0.666666666667
26007,19459,0.642857142857
26025,28103,0.51724137931
26029,18324,0.541666666667
26042,2483,0.575757575758
26195,20837,0.552631578947
26235,20416,0.526315789474
26286,9005,0.583333333333
26286,10697,0.533333333333
26286,19329,0.533333333333
26286,26616,0.571428571429
26305,11160,0.533333333333
26318,37506,0.625
26349,11022,0.590909090909
26349,21458,0.545454545455
26353,29062,0.666666666667
26362,17116,0.583333333333
26382,34313,0.51724137931
26427,31012,0.533333333333
26448,23117,0.666666666667
26453,23008,0.586206896552
26507,5923,0.529411764706
26507,9391,0.6
26507,10197,0.571428571429
26507,31199,0.5625
26529,7404,0.85
26569,3637,0.548387096774
26569,4005,0.58064516129
26573,17722,0.6
26607,22681,0.503649635036
26616,26286,0.571428571429
26623,2184,0.607142857143
26623,3425,0.521739130435
26623,9313,0.576923076923
26623,12303,0.521739130435
26623,28389,0.52
26623,38150,0.538461538462
26729,3028,0.578947368421
26729,10019,0.545454545455
26729,18542,0.526315789474
26729,21218,0.529411764706
26729,27152,0.526315789474
26745,8797,0.55
26753,3425,0.5625
26753,5461,0.529411764706
26753,8877,0.533333333333
26753,17791,0.588235294118
26753,21814,0.642857142857
26753,27152,0.5625
26753,27910,0.526315789474
26753,29236,0.529411764706
26753,32036,0.5625
26846,21080,0.6
26888,32553,1.0
26932,6439,0.681818181818
26932,14214,0.55
26932,15558,0.52380952381
26932,21218,0.555555555556
26932,34166,0.526315789474
26933,10197,0.538461538462
26933,13257,0.642857142857
26933,16058,0.545454545455
26933,19196,0.642857142857
26933,24508,0.615384615385
26967,3832,1.0
26967,22551,1.0
26967,33198,1.0
26967,35926,1.0
27000,36766,0.666666666667
27002,6474,0.565217391304
27002,11465,0.56
27023,383,0.525679758308
27030,12922,0.594594594595
27044,9074,0.529411764706
27044,13607,0.6
27044,34376,0.571428571429
27044,36008,0.6
27047,4005,0.542857142857
27047,20235,0.529411764706
27051,11436,1.0
27054,34398,0.571428571429
27061,39003,0.666666666667
27073,415,0.533333333333
27073,11703,0.586206896552
27073,23182,0.53125
27103,31836,0.521739130435
27122,12725,0.75
27152,431,0.647058823529
27152,2116,0.631578947368
27152,2406,0.538461538462
27152,3028,0.611111111111
27152,3355,0.526315789474
27152,3425,0.75
27152,3929,0.521739130435
27152,4566,0.545454545455
27152,4669,0.529411764706
27152,4769,0.555555555556
27152,4837,0.565217391304
27152,5138,0.619047619048
27152,6491,0.6
27152,6510,0.578947368421
27152,6822,0.588235294118
27152,6955,0.6875
27152,7678,0.571428571429
27152,8877,0.625
27152,9099,0.555555555556
27152,9190,0.647058823529
27152,9651,0.6
27152,10111,0.526315789474
27152,10720,0.526315789474
27152,11022,0.6
27152,11147,0.52
27152,12013,0.571428571429
27152,12240,0.631578947368
27152,12303,0.555555555556
27152,13046,0.533333333333
27152,13160,0.545454545455
27152,15614,0.565217391304
27152,15640,0.52380952381
27152,17175,0.555555555556
27152,17262,0.52380952381
27152,19134,0.533333333333
27152,19284,0.625
27152,19330,0.55
27152,19928,0.526315789474
27152,20235,0.541666666667
27152,20930,0.590909090909
27152,21218,0.5625
27152,21342,0.538461538462
27152,21458,0.722222222222
27152,21814,0.529411764706
27152,22996,0.565217391304
27152,23325,0.555555555556
27152,23505,0.555555555556
27152,26729,0.526315789474
27152,26753,0.5625
27152,27910,0.6
27152,28360,0.526315789474
27152,28389,0.55
27152,28593,0.55
27152,29298,0.578947368421
27152,31755,0.55
27152,32036,0.647058823529
27152,32139,0.578947368421
27152,32582,0.55
27152,33226,0.631578947368
27152,33836,0.52380952381
27225,32100,0.538461538462
27226,2908,0.52380952381
27226,4201,0.588235294118
27226,4754,0.555555555556
27226,7041,0.8125
27226,7653,0.533333333333
27226,7678,0.52380952381
27226,15479,0.578947368421
27226,32415,0.526315789474
27270,12917,0.5625
27311,38213,0.515151515152
27338,19086,1.0
27397,1024,1.0
27397,4499,1.0
27397,9559,1.0
27397,10491,1.0
27397,10804,1.0
27397,33557,1.0
27409,21152,0.666666666667
27409,32440,0.666666666667
27440,2036,1.0
27490,147,0.516129032258
27490,24404,0.51724137931
27517,6375,0.666666666667
27534,554,0.588235294118
27549,28130,0.538461538462
27572,11063,0.541666666667
27586,18202,0.576086956522
27586,21513,0.531914893617
27597,4577,0.515151515152
27597,31857,0.51724137931
27603,20666,0.6328125
27620,11170,0.5625
27621,1888,0.764705882353
27653,33036,1.0
27668,3028,0.521739130435
27668,32582,0.541666666667
27681,10197,0.538461538462
27692,33926,0.605504587156
27701,32725,0.513698630137
27703,28532,1.0
27812,16385,0.524822695035
27826,11242,0.545454545455
27826,22816,0.565217391304
27844,21609,1.0
27879,23182,0.538461538462
27887,32803,0.533333333333
27896,1495,0.538461538462
27910,2116,0.521739130435
27910,3425,0.6
27910,12240,0.590909090909
27910,12303,0.6
27910,17791,0.619047619048
27910,21458,0.590909090909
27910,26753,0.526315789474
27910,27152,0.6
27910,33226,0.521739130435
27910,33478,0.56
27962,5730,1.0
27962,28153,1.0
28022,8533,1.0
28103,26025,0.51724137931
28115,246,1.0
28115,994,1.0
28115,12758,1.0
28115,19187,1.0
28130,4186,0.625
28130,16049,0.545454545455
28130,21218,0.583333333333
28130,21361,0.583333333333
28130,27549,0.538461538462
28153,5730,1.0
28153,27962,1.0
28185,25836,0.666666666667
28185,32121,1.0
28213,36967,0.555555555556
28287,14863,0.6
28287,19726,0.521739130435
28288,14208,0.571428571429
28320,20204,0.8
28337,29419,0.619047619048
28360,6955,0.555555555556
28360,9190,0.526315789474
28360,13534,0.521739130435
28360,20930,0.565217391304
28360,27152,0.526315789474
28360,29298,0.631578947368
28360,32139,0.55
28367,8408,0.575757575758
28367,28719,0.571428571429
28367,29399,0.512820512821
28389,2116,0.619047619048
28389,3425,0.55
28389,9313,0.608695652174
28389,9651,0.590909090909
28389,12303,0.631578947368
28389,13160,0.541666666667
28389,14360,0.52
28389,15558,0.52380952381
28389,17175,0.55
28389,17982,0.518518518519
28389,26623,0.52
28389,27152,0.55
28389,33226,0.545454545455
28389,33478,0.52
28389,35403,0.583333333333
28399,2078,0.51724137931
28478,4233,0.578947368421
28478,6955,0.526315789474
28478,31453,0.52380952381
28478,32139,0.52380952381
28485,20545,1.0
28496,29914,0.512820512821
28497,6806,0.5625
28497,11802,0.552631578947
28503,19822,0.571428571429
28503,32342,0.571428571429
28516,6955,0.52380952381
28516,9418,0.545454545455
28516,13257,0.52380952381
28516,29873,0.541666666667
28524,3637,0.527777777778
28524,6028,0.583333333333
28524,32484,0.515151515152
28532,27703,1.0
28581,3236,0.515151515152
28581,15614,0.571428571429
28581,31503,0.59375
28593,355,0.52
28593,3425,0.55
28593,5501,0.608695652174
28593,6180,0.590909090909
28593,11022,0.590909090909
28593,17262,0.590909090909
28593,23428,0.56
28593,27152,0.55
28593,29236,0.52380952381
28593,30133,0.52
28593,33226,0.545454545455
28593,33649,0.608695652174
28649,14264,0.521739130435
28675,33823,0.508108108108
28677,9346,0.522727272727
28679,38607,0.538461538462
28719,8408,0.558823529412
28719,11900,0.53125
28719,28367,0.571428571429
28719,36629,0.685714285714
28741,37794,0.666666666667
28764,2578,0.538461538462
28765,10385,1.0
28765,18226,1.0
28765,22241,1.0
28765,36095,1.0
28786,34492,0.529411764706
28787,8015,0.514285714286
28787,8482,0.516129032258
28787,22763,0.51724137931
28796,2895,0.529411764706
28831,17982,0.576923076923
28834,32403,1.0
28834,37865,1.0
28841,3788,0.520547945205
28962,3998,1.0
29012,4313,1.0
29062,26353,0.666666666667
29071,3971,0.636363636364
29071,34828,0.6
29113,7184,0.575757575758
29176,21553,0.529411764706
29179,15150,0.518134715026
29235,15671,0.666666666667
29236,26753,0.529411764706
29236,28593,0.52380952381
29257,5180,0.603773584906
29298,10770,0.578947368421
29298,17870,0.555555555556
29298,27152,0.578947368421
29298,28360,0.631578947368
29399,28367,0.512820512821
29408,10603,0.518518518519
29419,28337,0.619047619048
29428,2635,1.0
29434,11509,0.535714285714
29434,18597,0.791666666667
29451,19088,0.6
29451,36509,0.571428571429
29451,38261,0.625
29461,7370,1.0
29478,5799,0.51724137931
29507,2578,0.538461538462
29507,13574,0.538461538462
29507,21231,0.666666666667
29507,23544,0.538461538462
29507,25191,0.533333333333
29507,36227,0.533333333333
29545,32036,0.526315789474
29545,33141,0.52380952381
29562,7454,0.548387096774
29562,22626,0.516129032258
29592,3200,0.541666666667
29592,8826,0.529411764706
29592,23802,0.541666666667
29592,38384,0.565217391304
29643,29984,0.543956043956
29661,313,0.529411764706
29661,3902,0.526315789474
29661,19088,0.533333333333
29670,31503,0.512820512821
29679,34376,0.5625
29687,34160,0.585365853659
29717,1487,0.52380952381
29717,6197,0.588235294118
29717,9974,0.615384615385
29717,13948,0.5625
29717,32803,0.533333333333
29717,37378,0.533333333333
29745,589,0.545454545455
29745,7058,0.611111111111
29745,11565,0.521739130435
29764,19819,0.538461538462
29764,25698,0.583333333333
29873,28516,0.541666666667
29876,31863,0.514285714286
29914,28496,0.512820512821
29936,33842,0.513513513514
29949,4012,0.515151515152
29973,35805,0.642857142857
29984,29643,0.543956043956
30030,4233,0.631578947368
30030,6197,0.55
30051,32803,0.538461538462
30051,36229,0.583333333333
30063,7994,1.0
30063,30805,1.0
30092,37236,0.636363636364
30096,8622,0.590909090909
30096,11578,0.521739130435
30096,17791,0.52380952381
30096,37045,0.518518518519
30122,7481,0.527777777778
30122,38017,0.526315789474
30123,2957,0.526315789474
30132,8106,1.0
30132,9158,1.0
30132,13834,1.0
30133,5501,0.708333333333
30133,28593,0.52
30252,12923,0.529411764706
30252,31515,0.529411764706
30273,31294,0.559139784946
30304,8262,0.789473684211
30335,17189,0.518518518519
30370,22816,0.652173913043
30423,5362,0.521008403361
30446,20226,0.526315789474
30626,21705,0.521739130435
30652,11198,0.6
30666,8968,0.518796992481
30667,8995,0.535714285714
30677,6643,0.521739130435
30703,11425,0.55
30771,23980,0.541666666667
30805,7994,1.0
30805,30063,1.0
30843,3425,0.541666666667
30843,14478,0.533333333333
30848,23802,0.533333333333
30848,36725,0.529411764706
30902,33392,0.525
30903,10574,0.555555555556
30904,15479,0.518518518519
30939,9290,0.545454545455
31005,27,0.516129032258
31005,6313,0.606060606061
31005,17982,0.516129032258
31005,20587,0.51724137931
31005,32832,0.52
31005,35413,0.51724137931
31006,1883,0.6
31006,2393,0.6
31006,5015,0.6
31006,10585,0.6
31012,2371,0.6
31012,3200,0.62962962963
31012,8512,0.533333333333
31012,9789,0.558823529412
31012,22571,0.518518518519
31012,23802,0.51724137931
31012,26427,0.533333333333
31012,33419,0.571428571429
31012,36725,0.515151515152
31015,19798,0.555555555556
31022,4610,1.0
31058,11727,1.0
31111,10840,0.538461538462
31121,15675,0.555555555556
31178,39165,1.0
31199,10197,0.533333333333
31199,13461,0.533333333333
31199,20226,0.529411764706
31199,26507,0.5625
31233,3028,0.521739130435
31233,22763,0.541666666667
31294,30273,0.559139784946
31296,6952,0.583333333333
31296,18521,0.545454545455
31296,19822,0.625
31296,32342,0.625
31296,36425,0.7
31306,24398,0.518518518519
31329,16298,1.0
31344,14305,0.666666666667
31379,33736,0.540229885057
31396,18216,0.555555555556
31397,25111,1.0
31397,25900,1.0
31453,4233,0.578947368421
31453,6955,0.611111111111
31453,19284,0.555555555556
31453,20226,0.526315789474
31453,21683,0.52380952381
31453,28478,0.52380952381
31453,32139,0.52380952381
31453,37101,0.583333333333
31503,3637,0.514285714286
31503,15614,0.59375
31503,21342,0.571428571429
31503,28581,0.59375
31503,29670,0.512820512821
31515,12923,0.6
31515,30252,0.529411764706
31584,9465,0.545454545455
31593,9005,0.636363636364
31630,1766,1.0
31630,15888,1.0
31630,22432,1.0
31630,24709,1.0
31631,19471,0.513618677043
31755,8877,0.526315789474
31755,16892,0.55
31755,27152,0.55
31755,32036,0.631578947368
31755,33226,0.545454545455
31789,21833,0.508771929825
31811,15903,1.0
31811,20388,1.0
31811,20916,1.0
31811,32537,1.0
31811,36997,1.0
31825,572,0.516129032258
31825,33649,0.620689655172
31825,37146,0.51724137931
31836,9974,0.533333333333
31836,18542,0.526315789474
31836,24066,0.521739130435
31836,27103,0.521739130435
31836,36199,0.578947368421
31849,8334,0.68
31857,27597,0.51724137931
31858,15558,0.56
31863,29876,0.514285714286
31866,12485,0.582278481013
31893,2055,0.714285714286
31921,18070,0.606060606061
31923,36294,0.5125
31968,32036,0.521739130435
31968,33226,0.52
31994,2312,1.0
31994,15320,1.0
31994,16039,1.0
31994,18589,1.0
31994,21842,1.0
31994,24635,1.0
31994,25476,1.0
32017,6820,0.511111111111
32032,22269,0.561797752809
32035,33478,0.555555555556
32036,35,0.521739130435
32036,1384,0.529411764706
32036,1874,0.578947368421
32036,2116,0.631578947368
32036,3425,0.555555555556
32036,4566,0.545454545455
32036,6806,0.541666666667
32036,11900,0.521739130435
32036,12937,0.545454545455
32036,15614,0.565217391304
32036,16892,0.647058823529
32036,17982,0.52
32036,19669,0.521739130435
32036,20131,0.545454545455
32036,21110,0.521739130435
32036,21218,0.5625
32036,21814,0.529411764706
32036,23325,0.555555555556
32036,26753,0.5625
32036,27152,0.647058823529
32036,29545,0.526315789474
32036,31755,0.631578947368
32036,31968,0.521739130435
32036,33226,0.722222222222
32036,34677,0.521739130435
32036,37201,0.571428571429
32100,27225,0.538461538462
32121,25836,0.666666666667
32121,28185,1.0
32131,37900,0.52380952381
32132,4769,0.526315789474
32132,13330,0.6875
32132,15164,0.55
32132,17262,0.571428571429
32139,2623,0.51724137931
32139,4233,0.578947368421
32139,4669,0.555555555556
32139,6955,0.611111111111
32139,9190,0.578947368421
32139,10197,0.529411764706
32139,11470,0.590909090909
32139,12013,0.590909090909
32139,15614,0.52
32139,20930,0.541666666667
32139,24600,0.535714285714
32139,27152,0.578947368421
32139,28360,0.55
32139,28478,0.52380952381
32139,31453,0.52380952381
32139,33649,0.565217391304
32139,33674,0.583333333333
32151,39474,1.0
32162,32937,0.555555555556
32190,18261,0.558282208589
32191,5591,1.0
32240,10478,0.684210526316
32282,13797,0.516129032258
32301,14306,0.538461538462
32306,39427,1.0
32337,10577,1.0
32342,9617,0.555555555556
32342,19822,0.666666666667
32342,25807,0.571428571429
32342,28503,0.571428571429
32342,31296,0.625
32403,28834,1.0
32403,37865,1.0
32415,2908,0.521739130435
32415,7041,0.52380952381
32415,27226,0.526315789474
32436,34760,0.542168674699
32440,21152,1.0
32440,27409,0.666666666667
32484,28524,0.515151515152
32519,6029,0.542857142857
32519,21194,0.555555555556
32537,15903,1.0
32537,20388,1.0
32537,20916,1.0
32537,31811,1.0
32537,36997,1.0
32553,26888,1.0
32582,431,0.55
32582,806,0.521739130435
32582,3028,0.777777777778
32582,3425,0.55
32582,6822,0.666666666667
32582,10770,0.55
32582,15558,0.52380952381
32582,21218,0.555555555556
32582,21458,0.545454545455
32582,24096,0.541666666667
32582,25005,0.608695652174
32582,27152,0.55
32582,27668,0.541666666667
32582,35403,0.52
32582,36247,0.545454545455
32626,13854,1.0
32626,33838,1.0
32645,14143,0.666666666667
32660,24783,1.0
32677,6086,0.775
32677,15183,0.510638297872
32691,4601,0.533333333333
32691,9974,0.545454545455
32698,8018,1.0
32700,37900,0.526315789474
32701,19396,0.541666666667
32701,38504,0.555555555556
32725,27701,0.513698630137
32736,8482,0.548387096774
32803,10153,0.5625
32803,11160,0.538461538462
32803,11479,0.538461538462
32803,14179,0.727272727273
32803,17360,0.75
32803,19134,0.583333333333
32803,27887,0.533333333333
32803,29717,0.533333333333
32803,30051,0.538461538462
32803,37378,0.538461538462
32809,8354,0.540540540541
32817,3978,0.583333333333
32832,6341,0.722222222222
32832,8566,0.631578947368
32832,31005,0.52
32832,33141,0.52380952381
32832,35403,0.565217391304
32843,19097,0.625
32937,32162,0.555555555556
32947,21054,0.6
32962,8003,1.0
33036,27653,1.0
33069,36967,0.571428571429
33113,389,0.545454545455
33113,15546,0.583333333333
33113,19898,0.636363636364
33113,22815,0.615384615385
33132,11919,0.565217391304
33141,20587,0.52
33141,29545,0.52380952381
33141,32832,0.52380952381
33160,5367,0.533333333333
33165,8376,0.545454545455
33185,25994,0.530303030303
33198,3832,1.0
33198,22551,1.0
33198,26967,1.0
33198,35926,1.0
33200,9190,0.6
33225,18710,0.522727272727
33226,949,0.625
33226,1385,0.555555555556
33226,1874,0.571428571429
33226,2116,0.619047619048
33226,3028,0.52380952381
33226,3425,0.55
33226,4566,0.541666666667
33226,4684,0.538461538462
33226,7092,0.518518518519
33226,10293,0.56
33226,11578,0.565217391304
33226,11900,0.652173913043
33226,12303,0.55
33226,13160,0.541666666667
33226,15614,0.56
33226,16892,0.55
33226,17791,0.571428571429
33226,17982,0.518518518519
33226,20225,0.6
33226,21342,0.535714285714
33226,27152,0.631578947368
33226,27910,0.521739130435
33226,28389,0.545454545455
33226,28593,0.545454545455
33226,31755,0.545454545455
33226,31968,0.52
33226,32036,0.722222222222
33226,33478,0.583333333333
33226,33649,0.541666666667
33226,35000,0.541666666667
33226,35403,0.52
33226,36022,0.56
33226,37201,0.565217391304
33227,37660,0.555555555556
33230,3200,0.518518518519
33288,4982,0.530120481928
33300,1827,0.555555555556
33300,15558,0.526315789474
33319,9313,0.51724137931
33319,12303,0.52
33319,21841,0.58064516129
33378,9419,0.6
33378,9901,0.538461538462
33378,17360,0.583333333333
33378,19134,0.545454545455
33392,147,0.612903225806
33392,3200,0.515151515152
33392,19577,0.526315789474
33392,23182,0.527777777778
33392,30902,0.525
33392,36501,0.657142857143
33419,7992,0.5625
33419,31012,0.571428571429
33450,4200,0.666666666667
33450,5014,0.6
33450,15311,0.6
33478,2116,0.52
33478,4005,0.533333333333
33478,8679,0.518518518519
33478,8806,0.538461538462
33478,9313,0.518518518519
33478,12303,0.590909090909
33478,13160,0.518518518519
33478,16417,0.515151515152
33478,19055,0.51724137931
33478,20078,0.516129032258
33478,21519,0.551724137931
33478,22305,0.52
33478,27910,0.56
33478,28389,0.52
33478,32035,0.555555555556
33478,33226,0.583333333333
33478,36022,0.653846153846
33478,36693,0.615384615385
33478,37201,0.538461538462
33478,38681,0.51724137931
33500,5449,0.538461538462
33531,7321,0.571428571429
33533,19396,0.551724137931
33557,1024,1.0
33557,4499,1.0
33557,9559,1.0
33557,10491,1.0
33557,10804,1.0
33557,27397,1.0
33624,16328,0.545454545455
33634,613,0.518518518519
33634,10819,0.551724137931
33649,2623,0.548387096774
33649,5501,0.538461538462
33649,11578,0.56
33649,28593,0.608695652174
33649,31825,0.620689655172
33649,32139,0.565217391304
33649,33226,0.541666666667
33649,36977,0.571428571429
33674,7416,0.538461538462
33674,12013,0.518518518519
33674,16620,0.636363636364
33674,18154,0.538461538462
33674,32139,0.583333333333
33736,31379,0.540229885057
33823,28675,0.508108108108
33836,376,0.545454545455
33836,21458,0.521739130435
33836,22819,0.52380952381
33836,27152,0.52380952381
33838,13854,1.0
33838,32626,1.0
33842,29936,0.513513513514
33890,20765,0.538461538462
33900,8354,0.529411764706
33900,37506,0.6
33926,27692,0.605504587156
33942,14283,0.52
33942,18310,0.576923076923
33973,21350,1.0
33995,21265,1.0
34141,23785,0.542857142857
34160,29687,0.585365853659
34166,26932,0.526315789474
34270,5923,0.526315789474
34270,16835,0.555555555556
34306,2393,0.571428571429
34313,26382,0.51724137931
34331,3902,0.571428571429
34376,3902,0.588235294118
34376,3971,0.615384615385
34376,7122,0.642857142857
34376,7832,0.529411764706
34376,12244,0.538461538462
34376,16788,0.529411764706
34376,27044,0.571428571429
34376,29679,0.5625
34398,27054,0.571428571429
34445,8870,0.545454545455
34492,28786,0.529411764706
34529,3256,1.0
34572,22474,0.555555555556
34624,3637,0.588235294118
34657,3697,0.533333333333
34657,10318,0.518518518519
34657,16910,0.515151515152
34659,9514,1.0
34659,13446,1.0
34659,36051,1.0
34659,38201,1.0
34669,5014,0.571428571429
34669,15311,0.571428571429
34677,32036,0.521739130435
34692,3470,0.515151515152
34692,18500,0.566666666667
34693,6197,0.521739130435
34734,15521,0.625
34760,32436,0.542168674699
34828,7856,0.555555555556
34828,12244,0.545454545455
34828,21601,0.533333333333
34828,29071,0.6
34829,24056,0.547619047619
34856,23651,0.694444444444
34871,35313,0.551724137931
34983,11056,0.51724137931
35000,2116,0.541666666667
35000,4837,0.555555555556
35000,11900,0.518518518519
35000,17262,0.583333333333
35000,33226,0.541666666667
35027,16939,0.571428571429
35050,4683,1.0
35050,21399,1.0
35050,22512,1.0
35071,20144,1.0
35073,20078,0.5625
35074,36227,0.588235294118
35114,36327,0.605882352941
35169,21218,0.529411764706
35187,24085,0.625
35226,7041,0.55
35277,13461,0.571428571429
35289,36227,0.625
35303,17820,0.590909090909
35303,22038,0.518518518519
35313,34871,0.551724137931
35367,4669,0.526315789474
35403,102,0.516129032258
35403,1118,0.51724137931
35403,6117,0.575757575758
35403,10293,0.535714285714
35403,24965,0.516129032258
35403,28389,0.583333333333
35403,32582,0.52
35403,32832,0.565217391304
35403,33226,0.52
35403,36022,0.535714285714
35413,31005,0.51724137931
35466,9022,0.53125
35466,19627,0.51724137931
35481,18940,0.538461538462
35481,38464,0.555555555556
35506,39448,1.0
35527,10117,0.578125
35672,9203,0.588235294118
35672,22888,0.578947368421
35685,4547,0.588235294118
35685,5923,0.588235294118
35685,13461,0.533333333333
35685,16835,0.529411764706
35692,12923,0.571428571429
35692,18333,0.538461538462
35692,18940,0.545454545455
35712,19877,0.555555555556
35755,16048,0.526315789474
35805,29973,0.642857142857
35926,3832,1.0
35926,22551,1.0
35926,26967,1.0
35926,33198,1.0
35954,7758,0.52027027027
35955,10238,0.666666666667
35955,13099,0.666666666667
36008,5258,0.526315789474
36008,8587,0.52380952381
36008,9074,0.647058823529
36008,22571,0.52380952381
36008,24663,0.55
36008,27044,0.6
36022,3637,0.533333333333
36022,6029,0.533333333333
36022,6117,0.558823529412
36022,7092,0.533333333333
36022,10293,0.51724137931
36022,21519,0.533333333333
36022,24965,0.655172413793
36022,33226,0.56
36022,33478,0.653846153846
36022,35403,0.535714285714
36051,9514,1.0
36051,13446,1.0
36051,34659,1.0
36051,38201,1.0
36095,10385,1.0
36095,18226,1.0
36095,22241,1.0
36095,28765,1.0
36174,2574,0.521739130435
36184,15198,0.6
36199,4601,0.526315789474
36199,17360,0.529411764706
36199,31836,0.578947368421
36227,2578,0.533333333333
36227,15164,0.526315789474
36227,20226,0.529411764706
36227,20615,0.55
36227,29507,0.533333333333
36227,35074,0.588235294118
36227,35289,0.625
36227,38618,0.6
36229,1958,0.538461538462
36229,9974,0.7
36229,12480,0.538461538462
36229,19046,0.7
36229,25610,0.777777777778
36229,30051,0.583333333333
36232,25858,0.590909090909
36247,3028,0.52380952381
36247,32582,0.545454545455
36294,31923,0.5125
36298,18153,0.777777777778
36298,25191,0.615384615385
36327,35114,0.605882352941
36384,19396,0.6
36384,24096,0.516129032258
36399,37499,0.681818181818
36425,31296,0.7
36432,17563,0.538461538462
36501,33392,0.657142857143
36509,29451,0.571428571429
36623,5367,0.625
36623,6806,0.521739130435
36629,28719,0.685714285714
36644,18521,0.583333333333
36673,3863,0.58064516129
36693,33478,0.615384615385
36725,3200,0.724137931034
36725,30848,0.529411764706
36725,31012,0.515151515152
36748,19896,1.0
36766,27000,0.666666666667
36792,12079,0.75
36792,15836,0.6
36967,28213,0.555555555556
36967,33069,0.571428571429
36977,5501,0.51724137931
36977,33649,0.571428571429
36997,15903,1.0
36997,20388,1.0
36997,20916,1.0
36997,31811,1.0
36997,32537,1.0
37045,4636,0.548387096774
37045,12896,0.545454545455
37045,30096,0.518518518519
37071,4321,0.6
37101,31453,0.583333333333
37146,9901,0.526315789474
37146,12923,0.526315789474
37146,16753,0.55
37146,31825,0.51724137931
37188,9219,0.55
37201,32036,0.571428571429
37201,33226,0.565217391304
37201,33478,0.538461538462
37201,37240,0.518518518519
37236,30092,0.636363636364
37238,18710,0.517857142857
37240,37201,0.518518518519
37308,39634,1.0
37316,2609,0.666666666667
37337,37912,0.6
37364,9335,0.633663366337
37375,25970,0.571428571429
37378,3736,0.642857142857
37378,4233,0.6
37378,11479,0.538461538462
37378,13948,0.571428571429
37378,14111,0.538461538462
37378,17360,0.615384615385
37378,18333,0.538461538462
37378,19134,0.583333333333
37378,25610,0.545454545455
37378,29717,0.533333333333
37378,32803,0.538461538462
37396,1495,0.666666666667
37452,11852,0.518518518519
37492,6971,0.549019607843
37499,21194,0.51724137931
37499,36399,0.681818181818
37506,26318,0.625
37506,33900,0.6
37506,37890,0.695652173913
37528,20448,0.555555555556
37567,15675,0.529411764706
37599,5997,0.555555555556
37599,9974,0.555555555556
37617,13534,0.541666666667
37617,18542,0.631578947368
37624,10202,0.547511312217
37660,33227,0.555555555556
37703,7291,0.6
37794,28741,0.666666666667
37795,244,0.651162790698
37795,975,0.631578947368
37865,28834,1.0
37865,32403,1.0
37890,24436,0.518518518519
37890,37506,0.695652173913
37900,32131,0.52380952381
37900,32700,0.526315789474
37912,1690,0.75
37912,2609,0.666666666667
37912,4186,0.6
37912,9251,0.666666666667
37912,14521,0.666666666667
37912,37337,0.6
37919,14794,0.666666666667
37929,14405,0.576923076923
37929,15649,0.518518518519
37993,10482,0.576576576577
38017,30122,0.526315789474
38057,4214,1.0
38057,19822,0.6
38134,18000,1.0
38140,1042,0.515151515152
38150,26623,0.538461538462
38151,3425,0.526315789474
38151,15672,0.541666666667
38151,17741,0.56
38201,9514,1.0
38201,13446,1.0
38201,34659,1.0
38201,36051,1.0
38213,27311,0.515151515152
38261,29451,0.625
38280,7992,0.527777777778
38280,8354,0.529411764706
38280,23917,0.527777777778
38282,2623,0.514285714286
38282,11578,0.51724137931
38291,24404,0.535714285714
38316,5932,1.0
38384,17820,0.52
38384,29592,0.565217391304
38464,4547,0.526315789474
38464,35481,0.555555555556
38504,4820,0.548387096774
38504,32701,0.555555555556
38519,9931,0.6
38521,18405,0.636363636364
38580,14621,0.551724137931
38607,28679,0.538461538462
38618,8668,0.583333333333
38618,12923,0.533333333333
38618,15116,0.571428571429
38618,21080,0.583333333333
38618,36227,0.6
38654,15115,1.0
38660,20357,0.584269662921
38681,1874,0.56
38681,33478,0.51724137931
38736,39240,1.0
38736,39252,1.0
38736,39285,1.0
38756,39267,1.0
38756,39278,1.0
38767,23762,1.0
38767,38784,1.0
38767,39313,1.0
38784,23762,1.0
38784,38767,1.0
38784,39313,1.0
38796,39369,0.75
38844,38932,1.0
38844,38982,1.0
38844,39012,1.0
38844,39372,1.0
38849,39394,0.666666666667
38868,12313,1.0
38868,39487,1.0
38869,39305,1.0
38909,39147,1.0
38932,38844,1.0
38932,38982,1.0
38932,39012,1.0
38932,39372,1.0
38982,38844,1.0
38982,38932,1.0
38982,39012,1.0
38982,39372,1.0
39003,27061,0.666666666667
39008,39515,1.0
39012,38844,1.0
39012,38932,1.0
39012,38982,1.0
39012,39372,1.0
39026,39184,1.0
39026,39355,1.0
39032,39139,1.0
39034,39695,1.0
39099,39169,1.0
39108,39157,1.0
39139,39032,1.0
39147,38909,1.0
39157,39108,1.0
39165,31178,1.0
39169,39099,1.0
39184,39026,1.0
39184,39355,1.0
39215,39689,1.0
39240,38736,1.0
39240,39252,1.0
39240,39285,1.0
39252,38736,1.0
39252,39240,1.0
39252,39285,1.0
39267,38756,1.0
39267,39278,1.0
39278,38756,1.0
39278,39267,1.0
39285,38736,1.0
39285,39240,1.0
39285,39252,1.0
39297,39596,1.0
39305,38869,1.0
39313,23762,1.0
39313,38767,1.0
39313,38784,1.0
39355,39026,1.0
39355,39184,1.0
39369,38796,0.75
39372,38844,1.0
39372,38932,1.0
39372,38982,1.0
39372,39012,1.0
39394,38849,0.666666666667
39427,32306,1.0
39448,35506,1.0
39474,32151,1.0
39487,12313,1.0
39487,38868,1.0
39502,22792,1.0
39515,39008,1.0
39522,16733,1.0
39596,39297,1.0
39616,39660,1.0
39634,37308,1.0
39642,3575,0.666666666667
39660,39616,1.0
39689,39215,1.0
39695,39034,1.0
39722,17748,0.615384615385
39729,10684,0.555555555556
