2,9361,0.526666666667
18,31849,1.0
18,37728,1.0
66,30071,0.666666666667
97,23581,0.666666666667
97,26637,0.6
108,20556,0.6
127,6873,0.645390070922
169,11206,1.0
169,28028,1.0
169,28410,1.0
169,35336,1.0
178,11430,0.515151515152
178,21073,0.567567567568
208,20381,0.506493506494
250,3469,1.0
250,12056,1.0
250,15312,1.0
250,32815,1.0
292,22461,0.666666666667
298,21720,1.0
315,15672,0.806451612903
350,34218,0.607142857143
352,18639,0.521739130435
359,15575,0.542857142857
402,34592,0.6
407,33518,0.6
428,16918,0.666666666667
441,5811,1.0
441,14210,1.0
441,19067,1.0
441,24848,1.0
441,26760,1.0
441,30400,1.0
455,3358,0.533333333333
468,18132,1.0
484,997,1.0
484,19785,1.0
492,2304,1.0
508,23744,0.586206896552
512,18989,0.666666666667
512,24984,1.0
542,8396,1.0
542,9588,1.0
542,18414,1.0
542,23336,1.0
542,23351,1.0
542,28289,1.0
542,29719,1.0
542,31405,1.0
542,38088,1.0
555,7897,1.0
555,38790,1.0
611,37910,1.0
611,39486,1.0
614,19206,1.0
628,18608,0.53488372093
639,8996,0.642857142857
673,37107,1.0
723,22315,1.0
723,26058,1.0
788,24659,1.0
788,29808,1.0
806,14690,1.0
806,18308,1.0
806,23131,1.0
808,23905,0.516129032258
859,24323,0.518518518519
867,24983,0.526315789474
904,9780,0.666666666667
952,17195,0.636363636364
952,35840,0.529411764706
963,18630,0.646153846154
997,484,1.0
997,19785,1.0
1009,16729,1.0
1025,33423,0.59375
1037,9193,0.536723163842
1042,2369,0.524193548387
1074,20382,0.62962962963
1074,38637,0.590909090909
1080,37712,0.666666666667
1114,28819,1.0
1114,36723,1.0
1120,7008,1.0
1130,30458,0.666666666667
1150,22375,0.526970954357
1162,34283,1.0
1231,31935,1.0
1246,4739,1.0
1305,24456,1.0
1352,15094,1.0
1352,19361,1.0
1400,27690,0.6
1401,17510,0.521739130435
1415,35530,1.0
1415,38251,1.0
1455,8692,1.0
1455,35013,1.0
1478,2461,1.0
1478,30456,1.0
1480,4521,0.51724137931
1489,6851,1.0
1489,22813,1.0
1507,5266,1.0
1543,25526,1.0
1559,10434,0.522580645161
1561,39270,0.714285714286
1594,21902,1.0
1594,39276,1.0
1597,3083,0.576923076923
1637,3533,1.0
1637,22965,1.0
1639,20891,0.517857142857
1650,16095,0.522727272727
1656,16943,0.62962962963
1660,8503,1.0
1660,30610,1.0
1688,6156,1.0
1690,38937,1.0
1741,11469,1.0
1752,16719,0.510204081633
1754,3376,1.0
1754,11809,1.0
1754,12034,1.0
1754,14596,1.0
1756,38010,0.6
1814,4885,1.0
1814,21680,1.0
1814,25470,1.0
1814,31663,1.0
1831,15333,1.0
1831,23392,1.0
1831,38781,1.0
1870,24408,1.0
1877,11072,0.507462686567
1879,27692,1.0
1894,10332,1.0
1907,9686,1.0
1948,9526,1.0
1948,36424,1.0
1984,24037,0.501915708812
2012,29442,0.52688172043
2020,26618,0.525
2035,19883,1.0
2035,24910,1.0
2035,28249,1.0
2036,18150,0.573033707865
2107,16131,0.526315789474
2151,7267,1.0
2227,21266,0.537974683544
2227,26634,0.561403508772
2267,4729,0.515151515152
2267,11637,0.513513513514
2267,18954,0.5625
2272,18324,1.0
2273,17198,1.0
2275,28020,0.666666666667
2291,7048,1.0
2291,7764,1.0
2291,27764,1.0
2292,35462,0.505791505792
2295,17649,1.0
2299,4636,1.0
2304,492,1.0
2337,15427,0.508771929825
2363,20840,1.0
2369,1042,0.524193548387
2370,18979,1.0
2370,19020,1.0
2406,29204,1.0
2431,19868,0.518072289157
2438,7956,1.0
2438,8790,1.0
2453,32761,0.59512195122
2461,1478,1.0
2461,30456,1.0
2465,16975,1.0
2465,20031,1.0
2465,23838,1.0
2465,25349,1.0
2465,25701,1.0
2465,32753,1.0
2474,9907,1.0
2474,32782,1.0
2484,39307,1.0
2484,39600,1.0
2514,28985,0.540404040404
2566,21241,0.518518518519
2566,22223,0.552631578947
2566,26807,0.529411764706
2566,35666,0.513513513514
2568,30600,1.0
2568,32103,1.0
2588,13294,0.538461538462
2592,6675,0.541666666667
2595,10877,1.0
2621,4010,1.0
2621,20419,1.0
2709,13856,1.0
2709,34891,1.0
2731,39227,0.516949152542
2765,25602,0.545454545455
2765,27726,0.722222222222
2793,18524,1.0
2793,20713,1.0
2793,34801,1.0
2822,15122,1.0
2862,38015,0.549450549451
2870,19930,0.591836734694
2913,3853,1.0
2913,20811,1.0
2927,12060,0.588744588745
2988,11964,0.614285714286
3022,4579,1.0
3022,9390,1.0
3022,13635,1.0
3022,15119,1.0
3022,26375,1.0
3022,31022,1.0
3022,36025,1.0
3027,5157,0.605095541401
3034,26589,0.538461538462
3044,7566,1.0
3044,27218,1.0
3044,32735,1.0
3044,38874,1.0
3051,9128,1.0
3051,12819,1.0
3051,35166,1.0
3051,36128,1.0
3083,1597,0.576923076923
3098,32693,1.0
3163,17968,0.636363636364
3164,11086,0.515151515152
3181,13345,0.599137931034
3192,16131,0.625
3208,19797,0.525
3234,18943,0.670103092784
3274,35627,1.0
3278,3887,1.0
3278,6145,1.0
3278,14971,1.0
3278,36742,1.0
3283,4976,1.0
3283,9765,1.0
3283,12832,1.0
3283,16352,1.0
3314,17388,0.666666666667
3329,17047,0.556074766355
3332,28799,0.544827586207
3358,455,0.533333333333
3376,1754,1.0
3376,11809,1.0
3376,12034,1.0
3376,14596,1.0
3385,28959,0.573705179283
3443,32039,1.0
3469,250,1.0
3469,12056,1.0
3469,15312,1.0
3469,32815,1.0
3497,38455,0.551724137931
3533,1637,1.0
3533,22965,1.0
3542,10103,0.666666666667
3542,28259,1.0
3585,6932,0.529411764706
3596,20611,0.511494252874
3695,32746,1.0
3700,9236,0.50643776824
3758,22521,0.542857142857
3760,29380,0.619047619048
3776,5495,1.0
3776,12306,1.0
3776,13882,1.0
3776,14387,1.0
3776,16544,1.0
3776,21208,1.0
3776,25541,1.0
3776,26517,1.0
3776,30649,1.0
3776,34541,1.0
3776,36343,1.0
3776,38814,1.0
3783,28707,1.0
3811,37026,1.0
3816,14418,0.51875
3822,31862,0.515151515152
3833,11139,1.0
3845,32945,0.833333333333
3853,2913,1.0
3853,20811,1.0
3855,29859,1.0
3868,24285,1.0
3879,36185,0.666666666667
3880,9964,0.666666666667
3880,27466,0.666666666667
3881,5499,1.0
3881,19272,1.0
3881,38801,1.0
3883,16525,0.6
3887,3278,1.0
3887,6145,1.0
3887,14971,1.0
3887,36742,1.0
3888,17419,0.714285714286
3902,19324,0.512195121951
3916,15612,1.0
3923,28953,0.528169014085
3952,6384,1.0
3952,36964,1.0
4002,34940,1.0
4002,35035,1.0
4010,2621,1.0
4010,20419,1.0
4032,13422,0.58064516129
4102,18436,0.555555555556
4102,37689,0.555555555556
4142,16060,1.0
4142,31323,1.0
4148,12134,0.521739130435
4148,35770,0.518518518519
4184,31427,0.625
4193,29532,0.555555555556
4256,38102,0.551136363636
4276,6107,0.507246376812
4284,16029,1.0
4284,28914,1.0
4286,21814,0.571428571429
4322,7853,1.0
4322,27900,1.0
4328,29035,1.0
4378,13110,0.555555555556
4414,18114,1.0
4440,6991,1.0
4440,7522,1.0
4454,5995,0.508670520231
4454,38648,0.548611111111
4470,21493,0.587570621469
4521,1480,0.51724137931
4521,14077,0.551724137931
4521,28897,0.56
4521,29614,0.51724137931
4529,5091,1.0
4529,20883,1.0
4529,32068,1.0
4546,25170,1.0
4572,6666,1.0
4572,13366,1.0
4572,14375,1.0
4572,27316,1.0
4572,27765,1.0
4572,29484,1.0
4572,34386,1.0
4572,39326,1.0
4576,6284,1.0
4576,23362,1.0
4579,3022,1.0
4579,9390,1.0
4579,13635,1.0
4579,15119,1.0
4579,26375,1.0
4579,31022,1.0
4579,36025,1.0
4585,7598,0.630434782609
4636,2299,1.0
4704,11704,0.527777777778
4704,29305,0.513513513514
4705,10279,0.666666666667
4729,2267,0.515151515152
4731,8423,1.0
4731,18720,1.0
4731,22703,1.0
4731,27000,1.0
4731,29134,1.0
4731,32516,1.0
4731,36979,1.0
4731,38618,1.0
4739,1246,1.0
4752,29283,1.0
4758,28622,0.75
4785,7807,1.0
4785,16648,1.0
4785,30452,1.0
4796,31158,0.655172413793
4799,14404,0.511363636364
4817,17377,1.0
4817,32851,1.0
4878,18284,1.0
4878,21328,1.0
4878,21870,1.0
4878,22739,1.0
4878,25691,1.0
4884,33924,0.516556291391
4885,1814,1.0
4885,21680,1.0
4885,25470,1.0
4885,31663,1.0
4894,9129,0.513513513514
4894,22970,0.5625
4896,10606,1.0
4896,32760,1.0
4896,37350,1.0
4896,38127,1.0
4898,7795,1.0
4919,30710,1.0
4942,33758,1.0
4942,35615,1.0
4942,37675,1.0
4942,38569,1.0
4964,5292,0.552631578947
4976,3283,1.0
4976,9765,1.0
4976,12832,1.0
4976,16352,1.0
5034,33051,0.53036437247
5083,6304,0.666666666667
5091,4529,1.0
5091,20883,1.0
5091,32068,1.0
5121,6344,1.0
5121,7320,1.0
5121,29522,1.0
5121,34492,1.0
5121,38894,1.0
5157,3027,0.605095541401
5219,25736,0.513513513514
5222,28209,0.509803921569
5230,35387,0.642857142857
5266,1507,1.0
5277,9019,0.625
5289,18989,0.666666666667
5292,4964,0.552631578947
5322,31638,0.573033707865
5377,6605,1.0
5391,26624,0.657894736842
5424,26890,0.666666666667
5428,33020,0.576470588235
5432,13887,0.641025641026
5453,22041,1.0
5453,33192,1.0
5469,31712,0.530927835052
5495,3776,1.0
5495,12306,1.0
5495,13882,1.0
5495,14387,1.0
5495,16544,1.0
5495,21208,1.0
5495,25541,1.0
5495,26517,1.0
5495,30649,1.0
5495,34541,1.0
5495,36343,1.0
5495,38814,1.0
5499,3881,1.0
5499,19272,1.0
5499,38801,1.0
5500,26477,0.555555555556
5534,30756,0.666666666667
5538,17293,0.529032258065
5545,29798,0.666666666667
5545,37712,0.666666666667
5567,8214,0.611111111111
5567,13593,0.916666666667
5567,38209,0.578947368421
5567,38637,0.588235294118
5567,38723,0.533333333333
5581,7525,0.52380952381
5594,7528,1.0
5594,12324,1.0
5618,9818,0.592592592593
5665,16517,0.538461538462
5709,7500,1.0
5709,11520,1.0
5709,22054,1.0
5712,6410,1.0
5712,17970,1.0
5712,18999,1.0
5712,19165,1.0
5712,36583,1.0
5712,38087,1.0
5777,22594,0.555555555556
5777,37689,0.7
5777,38484,0.636363636364
5793,9340,0.666666666667
5793,14122,0.666666666667
5793,18531,0.666666666667
5803,20169,0.666666666667
5803,32141,0.653846153846
5811,441,1.0
5811,14210,1.0
5811,19067,1.0
5811,24848,1.0
5811,26760,1.0
5811,30400,1.0
5844,30524,1.0
5860,13752,0.549019607843
5893,21993,0.551724137931
5894,14887,1.0
5894,28408,1.0
5897,37689,0.538461538462
5943,33032,0.611111111111
5947,20765,1.0
5964,16253,0.521739130435
5972,7751,1.0
5995,4454,0.508670520231
6043,30054,0.666666666667
6060,9831,1.0
6060,26702,0.666666666667
6062,18047,1.0
6070,16600,1.0
6070,36220,1.0
6088,8844,0.609756097561
6088,28411,0.515151515152
6107,4276,0.507246376812
6145,3278,1.0
6145,3887,1.0
6145,14971,1.0
6145,36742,1.0
6156,1688,1.0
6195,7534,1.0
6195,12859,1.0
6208,34203,0.666666666667
6246,9811,1.0
6246,32812,1.0
6246,34350,1.0
6246,36751,1.0
6248,7775,0.6
6284,4576,1.0
6284,23362,1.0
6287,21283,0.64
6288,23866,0.563636363636
6296,26068,0.65306122449
6298,35044,1.0
6304,5083,0.666666666667
6344,5121,1.0
6344,7320,1.0
6344,29522,1.0
6344,34492,1.0
6344,38894,1.0
6384,3952,1.0
6384,36964,1.0
6396,27691,0.513513513514
6410,5712,1.0
6410,17970,1.0
6410,18999,1.0
6410,19165,1.0
6410,36583,1.0
6410,38087,1.0
6470,37329,1.0
6477,8816,1.0
6488,11427,1.0
6495,9129,0.59375
6500,21424,1.0
6500,30997,1.0
6520,21605,0.666666666667
6540,14849,1.0
6598,36426,1.0
6605,5377,1.0
6666,4572,1.0
6666,13366,1.0
6666,14375,1.0
6666,27316,1.0
6666,27765,1.0
6666,29484,1.0
6666,34386,1.0
6666,39326,1.0
6675,2592,0.541666666667
6675,31115,0.518518518519
6678,15475,0.517730496454
6684,14300,1.0
6684,35272,1.0
6684,37428,1.0
6684,38729,1.0
6690,21340,0.529411764706
6743,31511,0.592592592593
6762,18409,0.504132231405
6831,23620,0.647058823529
6851,1489,1.0
6851,22813,1.0
6856,29844,0.545454545455
6873,127,0.645390070922
6879,26315,0.51724137931
6932,3585,0.529411764706
6932,7640,0.518518518519
6932,20283,0.555555555556
6936,11936,0.553191489362
6980,27232,0.6
6991,4440,1.0
6991,7522,1.0
7008,1120,1.0
7016,12374,0.666666666667
7048,2291,1.0
7048,7764,1.0
7048,27764,1.0
7072,9677,0.607142857143
7213,9448,0.520737327189
7216,34084,1.0
7267,2151,1.0
7287,10825,0.576923076923
7320,5121,1.0
7320,6344,1.0
7320,29522,1.0
7320,34492,1.0
7320,38894,1.0
7327,28209,0.509433962264
7339,19802,0.7
7404,8345,1.0
7404,24559,1.0
7452,23400,0.666666666667
7461,19797,0.614035087719
7500,5709,1.0
7500,11520,1.0
7500,22054,1.0
7522,4440,1.0
7522,6991,1.0
7525,5581,0.52380952381
7528,5594,1.0
7528,12324,1.0
7534,6195,1.0
7534,12859,1.0
7536,9658,1.0
7536,18803,1.0
7563,23441,1.0
7563,28189,1.0
7566,3044,1.0
7566,27218,1.0
7566,32735,1.0
7566,38874,1.0
7570,32556,0.666666666667
7598,4585,0.630434782609
7606,36199,0.75
7640,6932,0.518518518519
7640,20283,0.521739130435
7722,13215,1.0
7728,24384,1.0
7728,28541,1.0
7728,35034,1.0
7739,12212,0.533333333333
7743,32239,0.602459016393
7743,39724,0.547826086957
7751,5972,1.0
7756,15519,1.0
7764,2291,1.0
7764,7048,1.0
7764,27764,1.0
7775,6248,0.6
7795,4898,1.0
7807,4785,1.0
7807,16648,1.0
7807,30452,1.0
7827,19019,1.0
7827,35652,1.0
7853,4322,1.0
7853,27900,1.0
7897,555,1.0
7897,38790,1.0
7900,19706,0.5625
7928,27136,0.504424778761
7930,15589,1.0
7930,18158,1.0
7942,18328,1.0
7942,38024,1.0
7956,2438,1.0
7956,8790,1.0
7973,26586,0.55
7987,14010,0.567901234568
8099,17516,0.558823529412
8099,35539,0.588235294118
8201,21258,1.0
8201,39275,1.0
8214,5567,0.611111111111
8214,13593,0.647058823529
8298,34661,0.51724137931
8344,11676,1.0
8344,38218,1.0
8345,7404,1.0
8345,24559,1.0
8369,11577,0.512195121951
8396,542,1.0
8396,9588,1.0
8396,18414,1.0
8396,23336,1.0
8396,23351,1.0
8396,28289,1.0
8396,29719,1.0
8396,31405,1.0
8396,38088,1.0
8411,24763,0.822222222222
8423,4731,1.0
8423,18720,1.0
8423,22703,1.0
8423,27000,1.0
8423,29134,1.0
8423,32516,1.0
8423,36979,1.0
8423,38618,1.0
8431,10434,0.514084507042
8477,30416,1.0
8477,32168,1.0
8496,15151,1.0
8496,18908,1.0
8503,1660,1.0
8503,30610,1.0
8507,26163,0.507042253521
8532,36763,0.54748603352
8534,13806,1.0
8542,13965,1.0
8542,16471,1.0
8542,22084,1.0
8542,37698,1.0
8581,39289,0.597402597403
8597,30646,0.521008403361
8644,23794,1.0
8644,23875,1.0
8644,25477,1.0
8692,1455,1.0
8692,35013,1.0
8736,26060,1.0
8790,2438,1.0
8790,7956,1.0
8813,19018,0.521739130435
8816,6477,1.0
8844,6088,0.609756097561
8844,10417,0.53488372093
8941,30683,0.52
8996,639,0.642857142857
9001,27910,1.0
9001,37954,1.0
9001,39110,1.0
9019,5277,0.625
9075,27426,0.513513513514
9114,34555,0.555555555556
9123,34932,0.689655172414
9128,3051,1.0
9128,12819,1.0
9128,35166,1.0
9128,36128,1.0
9129,4894,0.513513513514
9129,6495,0.59375
9142,29579,1.0
9146,14399,0.555555555556
9186,26764,0.608695652174
9191,14341,1.0
9193,1037,0.536723163842
9199,10529,0.512820512821
9208,25510,1.0
9236,3700,0.50643776824
9248,10079,1.0
9248,36676,1.0
9282,19089,1.0
9308,27629,0.571428571429
9340,5793,0.666666666667
9340,14122,1.0
9349,35358,1.0
9351,34294,1.0
9361,2,0.526666666667
9390,3022,1.0
9390,4579,1.0
9390,13635,1.0
9390,15119,1.0
9390,26375,1.0
9390,31022,1.0
9390,36025,1.0
9425,19507,0.514285714286
9448,7213,0.520737327189
9501,24866,0.538461538462
9526,1948,1.0
9526,36424,1.0
9560,10653,1.0
9560,35406,1.0
9588,542,1.0
9588,8396,1.0
9588,18414,1.0
9588,23336,1.0
9588,23351,1.0
9588,28289,1.0
9588,29719,1.0
9588,31405,1.0
9588,38088,1.0
9594,32299,1.0
9658,7536,1.0
9658,18803,1.0
9667,23957,0.506944444444
9667,24928,0.548611111111
9677,7072,0.607142857143
9677,13294,0.633333333333
9677,13840,0.6
9677,30268,0.541666666667
9685,21264,0.52
9686,1907,1.0
9694,18728,1.0
9694,32869,1.0
9726,10400,0.730769230769
9741,15690,1.0
9743,39119,1.0
9757,22223,0.675
9765,3283,1.0
9765,4976,1.0
9765,12832,1.0
9765,16352,1.0
9769,25047,0.666666666667
9780,904,0.666666666667
9811,6246,1.0
9811,32812,1.0
9811,34350,1.0
9811,36751,1.0
9812,11916,0.511627906977
9812,16131,0.511627906977
9818,5618,0.592592592593
9831,6060,1.0
9831,26702,0.666666666667
9837,12445,0.525
9837,36584,0.540540540541
9862,25411,1.0
9866,22812,0.51724137931
9907,2474,1.0
9907,32782,1.0
9964,3880,0.666666666667
9964,27466,1.0
9986,37339,0.666666666667
10014,12124,1.0
10014,30234,1.0
10014,35793,1.0
10014,35817,1.0
10079,9248,1.0
10079,36676,1.0
10083,35479,0.529411764706
10103,3542,0.666666666667
10103,28259,0.666666666667
10143,17726,1.0
10143,20118,1.0
10178,34313,0.563025210084
10206,25552,0.607142857143
10212,35791,0.525
10217,19216,0.518518518519
10252,39658,0.551724137931
10265,10276,0.55
10265,23652,0.51724137931
10276,10265,0.55
10279,4705,0.666666666667
10284,20948,1.0
10324,28944,0.532019704433
10324,29597,0.593457943925
10332,1894,1.0
10357,13709,1.0
10357,31234,1.0
10357,34342,1.0
10400,9726,0.730769230769
10417,8844,0.53488372093
10434,1559,0.522580645161
10434,8431,0.514084507042
10434,19143,0.517985611511
10434,32939,0.512987012987
10434,38761,0.553191489362
10523,38010,0.571428571429
10529,9199,0.512820512821
10531,12239,1.0
10557,31163,0.666666666667
10579,38927,1.0
10606,4896,1.0
10606,32760,1.0
10606,37350,1.0
10606,38127,1.0
10653,9560,1.0
10653,35406,1.0
10675,31862,0.689655172414
10683,14217,1.0
10768,26067,1.0
10778,35072,0.555555555556
10805,21383,0.547058823529
10825,7287,0.576923076923
10876,36266,1.0
10877,2595,1.0
10888,17510,0.571428571429
10952,34782,0.666666666667
11049,28076,1.0
11072,1877,0.507462686567
11086,3164,0.515151515152
11110,22570,0.521739130435
11139,3833,1.0
11154,27241,1.0
11201,35876,0.5375
11206,169,1.0
11206,28028,1.0
11206,28410,1.0
11206,35336,1.0
11236,17356,1.0
11236,39353,1.0
11310,25035,0.512195121951
11327,15532,0.6
11330,34916,0.571428571429
11408,35770,0.52
11427,6488,1.0
11430,178,0.515151515152
11462,18640,1.0
11469,1741,1.0
11508,34183,0.587301587302
11520,5709,1.0
11520,7500,1.0
11520,22054,1.0
11527,23823,0.606936416185
11577,8369,0.512195121951
11635,22284,1.0
11635,28694,1.0
11637,2267,0.513513513514
11676,8344,1.0
11676,38218,1.0
11682,12062,1.0
11693,29697,0.512077294686
11701,36104,1.0
11704,4704,0.527777777778
11707,18029,1.0
11707,19139,1.0
11707,33162,1.0
11707,38308,1.0
11749,23702,1.0
11795,25318,1.0
11809,1754,1.0
11809,3376,1.0
11809,12034,1.0
11809,14596,1.0
11814,14261,1.0
11814,33098,1.0
11863,15427,0.555555555556
11863,26170,0.521126760563
11895,12232,0.69696969697
11916,9812,0.511627906977
11918,24296,1.0
11918,32832,1.0
11918,34187,1.0
11918,35576,1.0
11918,38003,1.0
11930,18915,1.0
11930,24774,1.0
11932,25624,0.536585365854
11936,6936,0.553191489362
11964,2988,0.614285714286
11975,16400,1.0
11975,37456,1.0
11975,37480,1.0
12015,13593,0.533333333333
12015,38723,0.533333333333
12030,37758,1.0
12034,1754,1.0
12034,3376,1.0
12034,11809,1.0
12034,14596,1.0
12036,22970,0.533333333333
12036,27733,0.51724137931
12036,31088,0.515151515152
12036,37615,0.548387096774
12056,250,1.0
12056,3469,1.0
12056,15312,1.0
12056,32815,1.0
12060,2927,0.588744588745
12062,11682,1.0
12112,29736,1.0
12124,10014,1.0
12124,30234,1.0
12124,35793,1.0
12124,35817,1.0
12134,4148,0.521739130435
12212,7739,0.533333333333
12229,29305,0.617647058824
12232,11895,0.69696969697
12239,10531,1.0
12252,19046,0.5625
12265,27834,0.568181818182
12306,3776,1.0
12306,5495,1.0
12306,13882,1.0
12306,14387,1.0
12306,16544,1.0
12306,21208,1.0
12306,25541,1.0
12306,26517,1.0
12306,30649,1.0
12306,34541,1.0
12306,36343,1.0
12306,38814,1.0
12322,24283,1.0
12322,32280,1.0
12322,38604,1.0
12324,5594,1.0
12324,7528,1.0
12359,30306,0.504132231405
12366,39324,1.0
12374,7016,0.666666666667
12445,9837,0.525
12547,34542,0.516949152542
12550,35736,0.666666666667
12550,38740,1.0
12765,20464,0.507692307692
12819,3051,1.0
12819,9128,1.0
12819,35166,1.0
12819,36128,1.0
12820,25710,0.666666666667
12829,17925,1.0
12829,24119,1.0
12829,26924,1.0
12829,29559,1.0
12832,3283,1.0
12832,4976,1.0
12832,9765,1.0
12832,16352,1.0
12859,6195,1.0
12859,7534,1.0
12913,22658,0.529411764706
12972,22594,0.625
12972,35503,0.583333333333
12972,37689,0.6
12972,38484,0.545454545455
13018,22801,1.0
13033,26786,1.0
13042,21073,0.512820512821
13064,30952,0.666666666667
13066,23740,0.642857142857
13110,4378,0.555555555556
13215,7722,1.0
13294,2588,0.538461538462
13294,9677,0.633333333333
13294,25945,0.515151515152
13294,28384,0.540540540541
13294,30268,0.538461538462
13294,35277,0.52380952381
13308,14134,0.58024691358
13328,18196,1.0
13345,3181,0.599137931034
13366,4572,1.0
13366,6666,1.0
13366,14375,1.0
13366,27316,1.0
13366,27765,1.0
13366,29484,1.0
13366,34386,1.0
13366,39326,1.0
13385,38926,0.666666666667
13415,34368,0.512820512821
13422,4032,0.58064516129
13497,13593,0.529411764706
13552,31462,0.587209302326
13593,5567,0.916666666667
13593,8214,0.647058823529
13593,12015,0.533333333333
13593,13497,0.529411764706
13593,38209,0.526315789474
13593,38637,0.625
13593,38723,0.571428571429
13635,3022,1.0
13635,4579,1.0
13635,9390,1.0
13635,15119,1.0
13635,26375,1.0
13635,31022,1.0
13635,36025,1.0
13709,10357,1.0
13709,31234,1.0
13709,34342,1.0
13717,17348,1.0
13752,5860,0.549019607843
13752,39459,0.509803921569
13764,37023,0.516129032258
13779,34153,0.608695652174
13791,25325,0.648
13806,8534,1.0
13829,16177,1.0
13840,9677,0.6
13856,2709,1.0
13856,34891,1.0
13882,3776,1.0
13882,5495,1.0
13882,12306,1.0
13882,14387,1.0
13882,16544,1.0
13882,21208,1.0
13882,25541,1.0
13882,26517,1.0
13882,30649,1.0
13882,34541,1.0
13882,36343,1.0
13882,38814,1.0
13887,5432,0.641025641026
13903,33847,0.655660377358
13965,8542,1.0
13965,16471,1.0
13965,22084,1.0
13965,37698,1.0
13984,26943,0.551724137931
14010,7987,0.567901234568
14077,4521,0.551724137931
14122,5793,0.666666666667
14122,9340,1.0
14134,13308,0.58024691358
14164,27162,1.0
14210,441,1.0
14210,5811,1.0
14210,19067,1.0
14210,24848,1.0
14210,26760,1.0
14210,30400,1.0
14217,10683,1.0
14261,11814,1.0
14261,33098,1.0
14263,27188,0.6
14300,6684,1.0
14300,35272,1.0
14300,37428,1.0
14300,38729,1.0
14316,16113,1.0
14316,20307,1.0
14316,30564,1.0
14341,9191,1.0
14344,28384,0.6
14375,4572,1.0
14375,6666,1.0
14375,13366,1.0
14375,27316,1.0
14375,27765,1.0
14375,29484,1.0
14375,34386,1.0
14375,39326,1.0
14387,3776,1.0
14387,5495,1.0
14387,12306,1.0
14387,13882,1.0
14387,16544,1.0
14387,21208,1.0
14387,25541,1.0
14387,26517,1.0
14387,30649,1.0
14387,34541,1.0
14387,36343,1.0
14387,38814,1.0
14399,9146,0.555555555556
14404,4799,0.511363636364
14418,3816,0.51875
14447,34607,0.619047619048
14481,24206,0.666666666667
14501,20896,0.502732240437
14549,23399,0.642857142857
14596,1754,1.0
14596,3376,1.0
14596,11809,1.0
14596,12034,1.0
14616,31578,0.508474576271
14640,19149,1.0
14645,24403,0.666666666667
14690,806,1.0
14690,18308,1.0
14690,23131,1.0
14692,28552,0.54358974359
14759,25502,0.71875
14762,34855,0.563636363636
14770,28822,1.0
14770,36978,1.0
14770,38546,1.0
14820,18290,0.666666666667
14846,17796,1.0
14849,6540,1.0
14887,5894,1.0
14887,28408,1.0
14891,21073,0.540540540541
14935,35144,0.518518518519
14971,3278,1.0
14971,3887,1.0
14971,6145,1.0
14971,36742,1.0
14991,36435,0.631578947368
15010,19320,0.511111111111
15070,24996,1.0
15070,29670,1.0
15070,36223,1.0
15094,1352,1.0
15094,19361,1.0
15097,37143,0.666666666667
15099,19890,0.666666666667
15119,3022,1.0
15119,4579,1.0
15119,9390,1.0
15119,13635,1.0
15119,26375,1.0
15119,31022,1.0
15119,36025,1.0
15122,2822,1.0
15151,8496,1.0
15151,18908,1.0
15166,38637,0.571428571429
15312,250,1.0
15312,3469,1.0
15312,12056,1.0
15312,32815,1.0
15333,1831,1.0
15333,23392,1.0
15333,38781,1.0
15351,26070,1.0
15361,23869,1.0
15423,24269,1.0
15427,2337,0.508771929825
15427,11863,0.555555555556
15427,26170,0.53125
15475,6678,0.517730496454
15496,21270,1.0
15517,32468,0.583333333333
15519,7756,1.0
15532,11327,0.6
15532,37997,0.6
15575,359,0.542857142857
15589,7930,1.0
15589,18158,1.0
15612,3916,1.0
15622,16573,1.0
15622,22805,1.0
15641,20624,0.6
15641,29960,0.692307692308
15672,315,0.806451612903
15690,9741,1.0
15741,15963,1.0
15741,33082,1.0
15753,34437,0.649038461538
15778,37476,0.532608695652
15814,18679,1.0
15814,25525,1.0
15821,30268,0.52380952381
15821,33827,0.526315789474
15826,28312,0.75
15831,39609,0.514423076923
15963,15741,1.0
15963,33082,1.0
15976,27805,0.545454545455
16029,4284,1.0
16029,28914,1.0
16030,20449,0.64
16060,4142,1.0
16060,31323,1.0
16085,28306,1.0
16095,1650,0.522727272727
16113,14316,1.0
16113,20307,1.0
16113,30564,1.0
16114,30579,0.526315789474
16117,36786,1.0
16131,2107,0.526315789474
16131,3192,0.625
16131,9812,0.511627906977
16131,24258,0.564102564103
16177,13829,1.0
16253,5964,0.521739130435
16253,22970,0.818181818182
16253,30488,0.590909090909
16253,39659,0.551724137931
16316,27189,1.0
16316,28893,1.0
16316,35888,1.0
16329,32450,0.514285714286
16352,3283,1.0
16352,4976,1.0
16352,9765,1.0
16352,12832,1.0
16377,29908,1.0
16377,36917,1.0
16400,11975,1.0
16400,37456,1.0
16400,37480,1.0
16419,30194,0.572327044025
16464,35918,0.574468085106
16471,8542,1.0
16471,13965,1.0
16471,22084,1.0
16471,37698,1.0
16490,33737,0.625
16514,35029,1.0
16517,5665,0.538461538462
16525,3883,0.6
16544,3776,1.0
16544,5495,1.0
16544,12306,1.0
16544,13882,1.0
16544,14387,1.0
16544,21208,1.0
16544,25541,1.0
16544,26517,1.0
16544,30649,1.0
16544,34541,1.0
16544,36343,1.0
16544,38814,1.0
16557,20733,0.533333333333
16573,15622,1.0
16573,22805,1.0
16600,6070,1.0
16600,36220,1.0
16648,4785,1.0
16648,7807,1.0
16648,30452,1.0
16719,1752,0.510204081633
16729,1009,1.0
16782,36188,1.0
16795,29327,0.666666666667
16854,21461,1.0
16854,22908,1.0
16854,23630,1.0
16883,35698,0.571428571429
16912,38259,0.529411764706
16918,428,0.666666666667
16918,26764,0.516129032258
16943,1656,0.62962962963
16974,33284,0.542857142857
16975,2465,1.0
16975,20031,1.0
16975,23838,1.0
16975,25349,1.0
16975,25701,1.0
16975,32753,1.0
17047,3329,0.556074766355
17186,28988,1.0
17195,952,0.636363636364
17198,2273,1.0
17223,27533,1.0
17231,39115,1.0
17293,5538,0.529032258065
17347,21501,1.0
17347,26582,1.0
17347,27609,1.0
17348,13717,1.0
17356,11236,1.0
17356,39353,1.0
17377,4817,1.0
17377,32851,1.0
17388,3314,0.666666666667
17419,3888,0.714285714286
17451,31684,1.0
17480,21444,0.625
17480,22146,0.6
17510,1401,0.521739130435
17510,10888,0.571428571429
17516,8099,0.558823529412
17516,28338,0.576923076923
17516,35539,0.633333333333
17520,21012,1.0
17522,25340,0.75
17534,20000,1.0
17548,23447,1.0
17649,2295,1.0
17726,10143,1.0
17726,20118,1.0
17796,14846,1.0
17906,30155,0.589743589744
17925,12829,1.0
17925,24119,1.0
17925,26924,1.0
17925,29559,1.0
17968,3163,0.636363636364
17969,27843,0.71875
17970,5712,1.0
17970,6410,1.0
17970,18999,1.0
17970,19165,1.0
17970,36583,1.0
17970,38087,1.0
18029,11707,1.0
18029,19139,1.0
18029,33162,1.0
18029,38308,1.0
18047,6062,1.0
18114,4414,1.0
18132,468,1.0
18150,2036,0.573033707865
18158,7930,1.0
18158,15589,1.0
18173,26503,0.545454545455
18190,23557,1.0
18196,13328,1.0
18217,37616,0.518518518519
18284,4878,1.0
18284,21328,1.0
18284,21870,1.0
18284,22739,1.0
18284,25691,1.0
18290,14820,0.666666666667
18295,18314,1.0
18304,28809,1.0
18308,806,1.0
18308,14690,1.0
18308,23131,1.0
18314,18295,1.0
18317,20138,0.53488372093
18324,2272,1.0
18328,7942,1.0
18328,38024,1.0
18376,23753,1.0
18395,31976,0.509433962264
18409,6762,0.504132231405
18414,542,1.0
18414,8396,1.0
18414,9588,1.0
18414,23336,1.0
18414,23351,1.0
18414,28289,1.0
18414,29719,1.0
18414,31405,1.0
18414,38088,1.0
18436,4102,0.555555555556
18524,2793,1.0
18524,20713,1.0
18524,34801,1.0
18531,5793,0.666666666667
18576,38403,1.0
18608,628,0.53488372093
18630,963,0.646153846154
18639,352,0.521739130435
18639,21751,0.526315789474
18640,11462,1.0
18679,15814,1.0
18679,25525,1.0
18684,29721,0.6
18720,4731,1.0
18720,8423,1.0
18720,22703,1.0
18720,27000,1.0
18720,29134,1.0
18720,32516,1.0
18720,36979,1.0
18720,38618,1.0
18728,9694,1.0
18728,32869,1.0
18768,23201,1.0
18768,23485,1.0
18800,31295,0.542553191489
18803,7536,1.0
18803,9658,1.0
18908,8496,1.0
18908,15151,1.0
18915,11930,1.0
18915,24774,1.0
18943,3234,0.670103092784
18947,29482,0.509803921569
18954,2267,0.5625
18971,21515,0.666666666667
18979,2370,1.0
18979,19020,1.0
18989,512,0.666666666667
18989,5289,0.666666666667
18989,24984,0.666666666667
18999,5712,1.0
18999,6410,1.0
18999,17970,1.0
18999,19165,1.0
18999,36583,1.0
18999,38087,1.0
19010,24261,0.666666666667
19018,8813,0.521739130435
19019,7827,1.0
19019,35652,1.0
19020,2370,1.0
19020,18979,1.0
19026,21894,1.0
19046,12252,0.5625
19055,32051,0.541176470588
19067,441,1.0
19067,5811,1.0
19067,14210,1.0
19067,24848,1.0
19067,26760,1.0
19067,30400,1.0
19089,9282,1.0
19116,25699,0.666666666667
19139,11707,1.0
19139,18029,1.0
19139,33162,1.0
19139,38308,1.0
19143,10434,0.517985611511
19149,14640,1.0
19165,5712,1.0
19165,6410,1.0
19165,17970,1.0
19165,18999,1.0
19165,36583,1.0
19165,38087,1.0
19206,614,1.0
19216,10217,0.518518518519
19248,30268,0.647058823529
19248,33827,0.666666666667
19248,39369,0.6
19272,3881,1.0
19272,5499,1.0
19272,38801,1.0
19304,35180,1.0
19315,39021,0.519480519481
19320,15010,0.511111111111
19324,3902,0.512195121951
19354,30194,0.540540540541
19356,21972,0.514285714286
19357,27244,1.0
19361,1352,1.0
19361,15094,1.0
19507,9425,0.514285714286
19559,28587,1.0
19611,37689,0.666666666667
19611,38484,0.6
19642,23115,1.0
19657,38313,0.542553191489
19674,34329,0.666666666667
19699,24533,1.0
19706,7900,0.5625
19785,484,1.0
19785,997,1.0
19797,3208,0.525
19797,7461,0.614035087719
19802,7339,0.7
19804,25290,1.0
19816,28770,1.0
19816,34006,1.0
19816,36315,1.0
19868,2431,0.518072289157
19883,2035,1.0
19883,24910,1.0
19883,28249,1.0
19890,15099,0.666666666667
19930,2870,0.591836734694
19952,37219,1.0
20000,17534,1.0
20009,26637,0.75
20031,2465,1.0
20031,16975,1.0
20031,23838,1.0
20031,25349,1.0
20031,25701,1.0
20031,32753,1.0
20062,36143,0.666666666667
20095,20801,1.0
20116,34102,0.65306122449
20118,10143,1.0
20118,17726,1.0
20138,18317,0.53488372093
20147,23547,0.502762430939
20169,5803,0.666666666667
20169,32141,0.566666666667
20210,39580,1.0
20226,36353,0.538461538462
20283,6932,0.555555555556
20283,7640,0.521739130435
20307,14316,1.0
20307,16113,1.0
20307,30564,1.0
20310,23340,0.607142857143
20318,22707,1.0
20331,30268,0.611111111111
20381,208,0.506493506494
20382,1074,0.62962962963
20419,2621,1.0
20419,4010,1.0
20446,36749,0.8
20448,27624,0.621621621622
20449,16030,0.64
20464,12765,0.507692307692
20477,22955,1.0
20556,108,0.6
20580,22687,1.0
20580,36761,1.0
20611,3596,0.511494252874
20624,15641,0.6
20624,29960,0.692307692308
20713,2793,1.0
20713,18524,1.0
20713,34801,1.0
20733,16557,0.533333333333
20756,25990,0.634146341463
20764,38059,0.6
20765,5947,1.0
20771,39677,1.0
20801,20095,1.0
20811,2913,1.0
20811,3853,1.0
20840,2363,1.0
20843,34602,0.608695652174
20883,4529,1.0
20883,5091,1.0
20883,32068,1.0
20891,1639,0.517857142857
20896,14501,0.502732240437
20902,21579,0.506666666667
20922,28904,0.666666666667
20948,10284,1.0
21012,17520,1.0
21053,31158,0.535714285714
21073,178,0.567567567568
21073,13042,0.512820512821
21073,14891,0.540540540541
21073,22643,0.527777777778
21073,35770,0.515151515152
21076,32938,0.569892473118
21150,31054,0.641025641026
21208,3776,1.0
21208,5495,1.0
21208,12306,1.0
21208,13882,1.0
21208,14387,1.0
21208,16544,1.0
21208,25541,1.0
21208,26517,1.0
21208,30649,1.0
21208,34541,1.0
21208,36343,1.0
21208,38814,1.0
21221,22972,0.534693877551
21241,2566,0.518518518519
21258,8201,1.0
21258,39275,1.0
21264,9685,0.52
21266,2227,0.537974683544
21269,39054,1.0
21270,15496,1.0
21283,6287,0.64
21283,37615,0.51724137931
21314,35906,0.631578947368
21328,4878,1.0
21328,18284,1.0
21328,21870,1.0
21328,22739,1.0
21328,25691,1.0
21340,6690,0.529411764706
21383,10805,0.547058823529
21424,6500,1.0
21424,30997,1.0
21443,32027,1.0
21444,17480,0.625
21445,33207,0.666666666667
21461,16854,1.0
21461,22908,1.0
21461,23630,1.0
21493,4470,0.587570621469
21493,36216,0.524691358025
21501,17347,1.0
21501,26582,1.0
21501,27609,1.0
21515,18971,0.666666666667
21523,23478,1.0
21523,25149,1.0
21570,29315,0.62962962963
21579,20902,0.506666666667
21605,6520,0.666666666667
21621,38714,0.533742331288
21680,1814,1.0
21680,4885,1.0
21680,25470,1.0
21680,31663,1.0
21701,38870,0.608695652174
21720,298,1.0
21751,18639,0.526315789474
21814,4286,0.571428571429
21826,26573,0.555555555556
21870,4878,1.0
21870,18284,1.0
21870,21328,1.0
21870,22739,1.0
21870,25691,1.0
21894,19026,1.0
21902,1594,1.0
21902,39276,1.0
21971,37462,1.0
21972,19356,0.514285714286
21980,28831,0.513513513514
21987,26317,0.564102564103
21993,5893,0.551724137931
21994,27222,0.666666666667
22041,5453,1.0
22041,33192,1.0
22045,24928,0.518248175182
22054,5709,1.0
22054,7500,1.0
22054,11520,1.0
22055,24849,0.548387096774
22084,8542,1.0
22084,13965,1.0
22084,16471,1.0
22084,37698,1.0
22146,17480,0.6
22152,28286,0.592592592593
22223,2566,0.552631578947
22223,9757,0.675
22284,11635,1.0
22284,28694,1.0
22291,29168,1.0
22291,31689,1.0
22315,723,1.0
22315,26058,1.0
22375,1150,0.526970954357
22441,38959,0.625
22461,292,0.666666666667
22463,34063,0.581967213115
22466,29798,0.666666666667
22521,3758,0.542857142857
22570,11110,0.521739130435
22594,5777,0.555555555556
22594,12972,0.625
22594,27173,0.8
22594,37689,0.625
22599,28258,1.0
22599,33305,1.0
22625,33489,1.0
22625,35124,1.0
22625,36920,1.0
22625,37868,1.0
22643,21073,0.527777777778
22643,35241,0.545454545455
22658,12913,0.529411764706
22687,20580,1.0
22687,36761,1.0
22703,4731,1.0
22703,8423,1.0
22703,18720,1.0
22703,27000,1.0
22703,29134,1.0
22703,32516,1.0
22703,36979,1.0
22703,38618,1.0
22707,20318,1.0
22739,4878,1.0
22739,18284,1.0
22739,21328,1.0
22739,21870,1.0
22739,25691,1.0
22801,13018,1.0
22805,15622,1.0
22805,16573,1.0
22812,9866,0.51724137931
22813,1489,1.0
22813,6851,1.0
22869,27094,0.52380952381
22869,37627,0.536585365854
22878,29446,0.68
22908,16854,1.0
22908,21461,1.0
22908,23630,1.0
22955,20477,1.0
22963,35360,0.666666666667
22965,1637,1.0
22965,3533,1.0
22970,4894,0.5625
22970,12036,0.533333333333
22970,16253,0.818181818182
22970,31088,0.642857142857
22970,37534,0.518518518519
22970,39659,0.516129032258
22972,21221,0.534693877551
23014,24598,1.0
23115,19642,1.0
23131,806,1.0
23131,14690,1.0
23131,18308,1.0
23201,18768,1.0
23201,23485,1.0
23299,32720,0.666666666667
23299,38963,0.666666666667
23335,28048,0.538461538462
23336,542,1.0
23336,8396,1.0
23336,9588,1.0
23336,18414,1.0
23336,23351,1.0
23336,28289,1.0
23336,29719,1.0
23336,31405,1.0
23336,38088,1.0
23340,20310,0.607142857143
23351,542,1.0
23351,8396,1.0
23351,9588,1.0
23351,18414,1.0
23351,23336,1.0
23351,28289,1.0
23351,29719,1.0
23351,31405,1.0
23351,38088,1.0
23362,4576,1.0
23362,6284,1.0
23392,1831,1.0
23392,15333,1.0
23392,38781,1.0
23399,14549,0.642857142857
23400,7452,0.666666666667
23405,29684,0.503649635036
23430,36775,0.542056074766
23441,7563,1.0
23441,28189,1.0
23447,17548,1.0
23462,28351,1.0
23469,38413,0.540540540541
23478,21523,1.0
23478,25149,1.0
23485,18768,1.0
23485,23201,1.0
23497,32332,0.531428571429
23547,20147,0.502762430939
23557,18190,1.0
23581,97,0.666666666667
23581,26637,0.6
23620,6831,0.647058823529
23630,16854,1.0
23630,21461,1.0
23630,22908,1.0
23652,10265,0.51724137931
23670,24378,0.666666666667
23702,11749,1.0
23714,36356,0.52
23740,13066,0.642857142857
23744,508,0.586206896552
23753,18376,1.0
23794,8644,1.0
23794,23875,1.0
23794,25477,1.0
23823,11527,0.606936416185
23838,2465,1.0
23838,16975,1.0
23838,20031,1.0
23838,25349,1.0
23838,25701,1.0
23838,32753,1.0
23866,6288,0.563636363636
23869,15361,1.0
23875,8644,1.0
23875,23794,1.0
23875,25477,1.0
23905,808,0.516129032258
23905,33217,0.512195121951
23934,25552,0.6
23957,9667,0.506944444444
24025,34061,0.625
24025,37689,0.625
24025,38484,0.555555555556
24037,1984,0.501915708812
24058,35995,1.0
24087,32505,1.0
24119,12829,1.0
24119,17925,1.0
24119,26924,1.0
24119,29559,1.0
24124,36333,0.640718562874
24159,37146,1.0
24206,14481,0.666666666667
24258,16131,0.564102564103
24261,19010,0.666666666667
24269,15423,1.0
24283,12322,1.0
24283,32280,1.0
24283,38604,1.0
24285,3868,1.0
24296,11918,1.0
24296,32832,1.0
24296,34187,1.0
24296,35576,1.0
24296,38003,1.0
24323,859,0.518518518519
24327,32805,1.0
24372,35730,1.0
24378,23670,0.666666666667
24384,7728,1.0
24384,28541,1.0
24384,35034,1.0
24403,14645,0.666666666667
24408,1870,1.0
24429,32213,0.545454545455
24456,1305,1.0
24533,19699,1.0
24554,38285,1.0
24559,7404,1.0
24559,8345,1.0
24598,23014,1.0
24659,788,1.0
24659,29808,1.0
24763,8411,0.822222222222
24774,11930,1.0
24774,18915,1.0
24787,35277,0.522727272727
24848,441,1.0
24848,5811,1.0
24848,14210,1.0
24848,19067,1.0
24848,26760,1.0
24848,30400,1.0
24849,22055,0.548387096774
24852,28007,0.666666666667
24866,9501,0.538461538462
24895,30744,0.579365079365
24903,32388,1.0
24910,2035,1.0
24910,19883,1.0
24910,28249,1.0
24928,9667,0.548611111111
24928,22045,0.518248175182
24928,31755,0.525925925926
24928,36253,0.507692307692
24928,36496,0.50641025641
24928,39157,0.569343065693
24983,867,0.526315789474
24984,512,1.0
24984,18989,0.666666666667
24996,15070,1.0
24996,29670,1.0
24996,36223,1.0
25035,11310,0.512195121951
25035,31788,0.606060606061
25047,9769,0.666666666667
25149,21523,1.0
25149,23478,1.0
25170,4546,1.0
25211,29516,0.666666666667
25290,19804,1.0
25307,35023,0.588235294118
25318,11795,1.0
25325,13791,0.648
25327,38212,0.627906976744
25340,17522,0.75
25349,2465,1.0
25349,16975,1.0
25349,20031,1.0
25349,23838,1.0
25349,25701,1.0
25349,32753,1.0
25411,9862,1.0
25462,33284,0.525
25462,34154,0.685714285714
25470,1814,1.0
25470,4885,1.0
25470,21680,1.0
25470,31663,1.0
25477,8644,1.0
25477,23794,1.0
25477,23875,1.0
25502,14759,0.71875
25510,9208,1.0
25525,15814,1.0
25525,18679,1.0
25526,1543,1.0
25541,3776,1.0
25541,5495,1.0
25541,12306,1.0
25541,13882,1.0
25541,14387,1.0
25541,16544,1.0
25541,21208,1.0
25541,26517,1.0
25541,30649,1.0
25541,34541,1.0
25541,36343,1.0
25541,38814,1.0
25544,31569,0.611111111111
25552,10206,0.607142857143
25552,23934,0.6
25602,2765,0.545454545455
25624,11932,0.536585365854
25644,26563,1.0
25644,27266,1.0
25691,4878,1.0
25691,18284,1.0
25691,21328,1.0
25691,21870,1.0
25691,22739,1.0
25699,19116,0.666666666667
25701,2465,1.0
25701,16975,1.0
25701,20031,1.0
25701,23838,1.0
25701,25349,1.0
25701,32753,1.0
25710,12820,0.666666666667
25736,5219,0.513513513514
25774,28459,0.55
25810,34638,0.541666666667
25945,13294,0.515151515152
25990,20756,0.634146341463
26049,29551,1.0
26050,33569,0.542857142857
26058,723,1.0
26058,22315,1.0
26060,8736,1.0
26067,10768,1.0
26068,6296,0.65306122449
26070,15351,1.0
26163,8507,0.507042253521
26170,11863,0.521126760563
26170,15427,0.53125
26236,32539,0.642857142857
26257,26275,0.666666666667
26275,26257,0.666666666667
26315,6879,0.51724137931
26315,30349,0.56
26317,21987,0.564102564103
26375,3022,1.0
26375,4579,1.0
26375,9390,1.0
26375,13635,1.0
26375,15119,1.0
26375,31022,1.0
26375,36025,1.0
26383,38031,0.605263157895
26477,5500,0.555555555556
26477,36972,0.666666666667
26503,18173,0.545454545455
26517,3776,1.0
26517,5495,1.0
26517,12306,1.0
26517,13882,1.0
26517,14387,1.0
26517,16544,1.0
26517,21208,1.0
26517,25541,1.0
26517,30649,1.0
26517,34541,1.0
26517,36343,1.0
26517,38814,1.0
26560,31992,1.0
26563,25644,1.0
26563,27266,1.0
26573,21826,0.555555555556
26582,17347,1.0
26582,21501,1.0
26582,27609,1.0
26586,7973,0.55
26589,3034,0.538461538462
26618,2020,0.525
26624,5391,0.657894736842
26634,2227,0.561403508772
26637,97,0.6
26637,20009,0.75
26637,23581,0.6
26637,37940,0.6
26702,6060,0.666666666667
26702,9831,0.666666666667
26760,441,1.0
26760,5811,1.0
26760,14210,1.0
26760,19067,1.0
26760,24848,1.0
26760,30400,1.0
26764,9186,0.608695652174
26764,16918,0.516129032258
26786,13033,1.0
26807,2566,0.529411764706
26807,28787,0.689655172414
26807,36584,0.529411764706
26890,5424,0.666666666667
26924,12829,1.0
26924,17925,1.0
26924,24119,1.0
26924,29559,1.0
26943,13984,0.551724137931
27000,4731,1.0
27000,8423,1.0
27000,18720,1.0
27000,22703,1.0
27000,29134,1.0
27000,32516,1.0
27000,36979,1.0
27000,38618,1.0
27002,27916,0.609756097561
27004,28609,0.555555555556
27068,38935,0.538461538462
27094,22869,0.52380952381
27119,31661,1.0
27127,28952,0.538461538462
27136,7928,0.504424778761
27162,14164,1.0
27173,22594,0.8
27188,14263,0.6
27189,16316,1.0
27189,28893,1.0
27189,35888,1.0
27218,3044,1.0
27218,7566,1.0
27218,32735,1.0
27218,38874,1.0
27222,21994,0.666666666667
27232,6980,0.6
27234,35816,1.0
27241,11154,1.0
27244,19357,1.0
27266,25644,1.0
27266,26563,1.0
27289,35434,0.724137931034
27292,29777,0.6
27316,4572,1.0
27316,6666,1.0
27316,13366,1.0
27316,14375,1.0
27316,27765,1.0
27316,29484,1.0
27316,34386,1.0
27316,39326,1.0
27333,39137,0.666666666667
27426,9075,0.513513513514
27426,29786,0.555555555556
27466,3880,0.666666666667
27466,9964,1.0
27474,30298,0.514285714286
27505,30921,0.708333333333
27533,17223,1.0
27609,17347,1.0
27609,21501,1.0
27609,26582,1.0
27617,36883,0.509803921569
27624,20448,0.621621621622
27629,9308,0.571428571429
27646,37591,1.0
27651,31539,1.0
27651,34268,1.0
27651,39262,1.0
27679,36305,1.0
27679,39138,1.0
27690,1400,0.6
27691,6396,0.513513513514
27692,1879,1.0
27703,33226,0.533333333333
27726,2765,0.722222222222
27733,12036,0.51724137931
27764,2291,1.0
27764,7048,1.0
27764,7764,1.0
27765,4572,1.0
27765,6666,1.0
27765,13366,1.0
27765,14375,1.0
27765,27316,1.0
27765,29484,1.0
27765,34386,1.0
27765,39326,1.0
27787,31742,0.628048780488
27805,15976,0.545454545455
27834,12265,0.568181818182
27843,17969,0.71875
27898,29936,0.518518518519
27900,4322,1.0
27900,7853,1.0
27910,9001,1.0
27910,37954,1.0
27910,39110,1.0
27916,27002,0.609756097561
27961,36992,0.509090909091
28007,24852,0.666666666667
28020,2275,0.666666666667
28028,169,1.0
28028,11206,1.0
28028,28410,1.0
28028,35336,1.0
28031,29965,1.0
28048,23335,0.538461538462
28076,11049,1.0
28099,33852,0.555555555556
28189,7563,1.0
28189,23441,1.0
28209,5222,0.509803921569
28209,7327,0.509433962264
28218,31888,0.58064516129
28249,2035,1.0
28249,19883,1.0
28249,24910,1.0
28258,22599,1.0
28258,33305,1.0
28259,3542,1.0
28259,10103,0.666666666667
28286,22152,0.592592592593
28289,542,1.0
28289,8396,1.0
28289,9588,1.0
28289,18414,1.0
28289,23336,1.0
28289,23351,1.0
28289,29719,1.0
28289,31405,1.0
28289,38088,1.0
28306,16085,1.0
28312,15826,0.75
28338,17516,0.576923076923
28351,23462,1.0
28384,13294,0.540540540541
28384,14344,0.6
28408,5894,1.0
28408,14887,1.0
28410,169,1.0
28410,11206,1.0
28410,28028,1.0
28410,35336,1.0
28411,6088,0.515151515152
28459,25774,0.55
28541,7728,1.0
28541,24384,1.0
28541,35034,1.0
28552,14692,0.54358974359
28587,19559,1.0
28609,27004,0.555555555556
28622,4758,0.75
28670,35277,0.511111111111
28687,37539,0.571428571429
28694,11635,1.0
28694,22284,1.0
28707,3783,1.0
28770,19816,1.0
28770,34006,1.0
28770,36315,1.0
28787,26807,0.689655172414
28799,3332,0.544827586207
28809,18304,1.0
28819,1114,1.0
28819,36723,1.0
28822,14770,1.0
28822,36978,1.0
28822,38546,1.0
28831,21980,0.513513513514
28893,16316,1.0
28893,27189,1.0
28893,35888,1.0
28897,4521,0.56
28904,20922,0.666666666667
28914,4284,1.0
28914,16029,1.0
28928,38954,0.572815533981
28944,10324,0.532019704433
28944,29597,0.644444444444
28952,27127,0.538461538462
28953,3923,0.528169014085
28959,3385,0.573705179283
28985,2514,0.540404040404
28988,17186,1.0
29035,4328,1.0
29134,4731,1.0
29134,8423,1.0
29134,18720,1.0
29134,22703,1.0
29134,27000,1.0
29134,32516,1.0
29134,36979,1.0
29134,38618,1.0
29168,22291,1.0
29168,31689,1.0
29204,2406,1.0
29241,30057,0.65
29262,32742,0.593220338983
29283,4752,1.0
29305,4704,0.513513513514
29305,12229,0.617647058824
29315,21570,0.62962962963
29327,16795,0.666666666667
29380,3760,0.619047619048
29391,39455,0.552631578947
29433,35665,0.563025210084
29442,2012,0.52688172043
29446,22878,0.68
29482,18947,0.509803921569
29484,4572,1.0
29484,6666,1.0
29484,13366,1.0
29484,14375,1.0
29484,27316,1.0
29484,27765,1.0
29484,34386,1.0
29484,39326,1.0
29504,29753,1.0
29516,25211,0.666666666667
29522,5121,1.0
29522,6344,1.0
29522,7320,1.0
29522,34492,1.0
29522,38894,1.0
29532,4193,0.555555555556
29551,26049,1.0
29558,39333,0.533333333333
29559,12829,1.0
29559,17925,1.0
29559,24119,1.0
29559,26924,1.0
29579,9142,1.0
29597,10324,0.593457943925
29597,28944,0.644444444444
29614,4521,0.51724137931
29670,15070,1.0
29670,24996,1.0
29670,36223,1.0
29684,23405,0.503649635036
29697,11693,0.512077294686
29719,542,1.0
29719,8396,1.0
29719,9588,1.0
29719,18414,1.0
29719,23336,1.0
29719,23351,1.0
29719,28289,1.0
29719,31405,1.0
29719,38088,1.0
29721,18684,0.6
29734,36849,0.609756097561
29736,12112,1.0
29753,29504,1.0
29777,27292,0.6
29777,38010,0.625
29786,27426,0.555555555556
29798,5545,0.666666666667
29798,22466,0.666666666667
29808,788,1.0
29808,24659,1.0
29844,6856,0.545454545455
29859,3855,1.0
29900,34027,1.0
29908,16377,1.0
29908,36917,1.0
29936,27898,0.518518518519
29960,15641,0.692307692308
29960,20624,0.692307692308
29965,28031,1.0
30054,6043,0.666666666667
30057,29241,0.65
30071,66,0.666666666667
30155,17906,0.589743589744
30187,34644,0.666666666667
30194,16419,0.572327044025
30194,19354,0.540540540541
30222,32333,1.0
30234,10014,1.0
30234,12124,1.0
30234,35793,1.0
30234,35817,1.0
30237,33532,0.51724137931
30268,9677,0.541666666667
30268,13294,0.538461538462
30268,15821,0.52380952381
30268,19248,0.647058823529
30268,20331,0.611111111111
30268,33827,0.666666666667
30268,39369,0.684210526316
30298,27474,0.514285714286
30306,12359,0.504132231405
30349,26315,0.56
30372,38879,0.666666666667
30374,32824,1.0
30399,35097,0.5625
30400,441,1.0
30400,5811,1.0
30400,14210,1.0
30400,19067,1.0
30400,24848,1.0
30400,26760,1.0
30416,8477,1.0
30416,32168,1.0
30424,36603,1.0
30452,4785,1.0
30452,7807,1.0
30452,16648,1.0
30456,1478,1.0
30456,2461,1.0
30458,1130,0.666666666667
30488,16253,0.590909090909
30488,38523,0.521739130435
30524,5844,1.0
30564,14316,1.0
30564,16113,1.0
30564,20307,1.0
30565,35101,1.0
30579,16114,0.526315789474
30600,2568,1.0
30600,32103,1.0
30610,1660,1.0
30610,8503,1.0
30646,8597,0.521008403361
30649,3776,1.0
30649,5495,1.0
30649,12306,1.0
30649,13882,1.0
30649,14387,1.0
30649,16544,1.0
30649,21208,1.0
30649,25541,1.0
30649,26517,1.0
30649,34541,1.0
30649,36343,1.0
30649,38814,1.0
30683,8941,0.52
30710,4919,1.0
30744,24895,0.579365079365
30756,5534,0.666666666667
30864,31244,1.0
30921,27505,0.708333333333
30952,13064,0.666666666667
30997,6500,1.0
30997,21424,1.0
31022,3022,1.0
31022,4579,1.0
31022,9390,1.0
31022,13635,1.0
31022,15119,1.0
31022,26375,1.0
31022,36025,1.0
31054,21150,0.641025641026
31088,12036,0.515151515152
31088,22970,0.642857142857
31115,6675,0.518518518519
31158,4796,0.655172413793
31158,21053,0.535714285714
31158,38554,0.548387096774
31163,10557,0.666666666667
31234,10357,1.0
31234,13709,1.0
31234,34342,1.0
31244,30864,1.0
31295,18800,0.542553191489
31323,4142,1.0
31323,16060,1.0
31405,542,1.0
31405,8396,1.0
31405,9588,1.0
31405,18414,1.0
31405,23336,1.0
31405,23351,1.0
31405,28289,1.0
31405,29719,1.0
31405,38088,1.0
31427,4184,0.625
31435,33536,1.0
31462,13552,0.587209302326
31511,6743,0.592592592593
31530,37585,1.0
31539,27651,1.0
31539,34268,1.0
31539,39262,1.0
31569,25544,0.611111111111
31578,14616,0.508474576271
31638,5322,0.573033707865
31661,27119,1.0
31663,1814,1.0
31663,4885,1.0
31663,21680,1.0
31663,25470,1.0
31684,17451,1.0
31689,22291,1.0
31689,29168,1.0
31712,5469,0.530927835052
31742,27787,0.628048780488
31755,24928,0.525925925926
31788,25035,0.606060606061
31849,18,1.0
31849,37728,1.0
31862,3822,0.515151515152
31862,10675,0.689655172414
31887,38926,0.75
31888,28218,0.58064516129
31935,1231,1.0
31976,18395,0.509433962264
31992,26560,1.0
32027,21443,1.0
32039,3443,1.0
32051,19055,0.541176470588
32068,4529,1.0
32068,5091,1.0
32068,20883,1.0
32103,2568,1.0
32103,30600,1.0
32141,5803,0.653846153846
32141,20169,0.566666666667
32168,8477,1.0
32168,30416,1.0
32213,24429,0.545454545455
32239,7743,0.602459016393
32280,12322,1.0
32280,24283,1.0
32280,38604,1.0
32299,9594,1.0
32319,36600,0.520231213873
32332,23497,0.531428571429
32333,30222,1.0
32388,24903,1.0
32450,16329,0.514285714286
32468,15517,0.583333333333
32505,24087,1.0
32516,4731,1.0
32516,8423,1.0
32516,18720,1.0
32516,22703,1.0
32516,27000,1.0
32516,29134,1.0
32516,36979,1.0
32516,38618,1.0
32539,26236,0.642857142857
32556,7570,0.666666666667
32693,3098,1.0
32720,23299,0.666666666667
32720,38963,1.0
32735,3044,1.0
32735,7566,1.0
32735,27218,1.0
32735,38874,1.0
32742,29262,0.593220338983
32745,36122,0.576923076923
32746,3695,1.0
32753,2465,1.0
32753,16975,1.0
32753,20031,1.0
32753,23838,1.0
32753,25349,1.0
32753,25701,1.0
32760,4896,1.0
32760,10606,1.0
32760,37350,1.0
32760,38127,1.0
32761,2453,0.59512195122
32782,2474,1.0
32782,9907,1.0
32805,24327,1.0
32812,6246,1.0
32812,9811,1.0
32812,34350,1.0
32812,36751,1.0
32815,250,1.0
32815,3469,1.0
32815,12056,1.0
32815,15312,1.0
32824,30374,1.0
32832,11918,1.0
32832,24296,1.0
32832,34187,1.0
32832,35576,1.0
32832,38003,1.0
32851,4817,1.0
32851,17377,1.0
32869,9694,1.0
32869,18728,1.0
32938,21076,0.569892473118
32939,10434,0.512987012987
32945,3845,0.833333333333
33020,5428,0.576470588235
33026,33520,0.75
33032,5943,0.611111111111
33051,5034,0.53036437247
33082,15741,1.0
33082,15963,1.0
33098,11814,1.0
33098,14261,1.0
33110,33638,1.0
33110,37196,1.0
33162,11707,1.0
33162,18029,1.0
33162,19139,1.0
33162,38308,1.0
33192,5453,1.0
33192,22041,1.0
33207,21445,0.666666666667
33217,23905,0.512195121951
33226,27703,0.533333333333
33284,16974,0.542857142857
33284,25462,0.525
33284,34154,0.588235294118
33305,22599,1.0
33305,28258,1.0
33330,39459,0.509433962264
33423,1025,0.59375
33489,22625,1.0
33489,35124,1.0
33489,36920,1.0
33489,37868,1.0
33518,407,0.6
33520,33026,0.75
33532,30237,0.51724137931
33536,31435,1.0
33547,37123,0.516129032258
33569,26050,0.542857142857
33638,33110,1.0
33638,37196,1.0
33737,16490,0.625
33758,4942,1.0
33758,35615,1.0
33758,37675,1.0
33758,38569,1.0
33762,39062,0.55
33827,15821,0.526315789474
33827,19248,0.666666666667
33827,30268,0.666666666667
33843,35498,1.0
33847,13903,0.655660377358
33852,28099,0.555555555556
33924,4884,0.516556291391
33989,37243,0.666666666667
34006,19816,1.0
34006,28770,1.0
34006,36315,1.0
34027,29900,1.0
34053,39552,0.571428571429
34061,24025,0.625
34061,37689,0.6
34061,38484,0.545454545455
34063,22463,0.581967213115
34084,7216,1.0
34102,20116,0.65306122449
34153,13779,0.608695652174
34154,25462,0.685714285714
34154,33284,0.588235294118
34183,11508,0.587301587302
34187,11918,1.0
34187,24296,1.0
34187,32832,1.0
34187,35576,1.0
34187,38003,1.0
34203,6208,0.666666666667
34218,350,0.607142857143
34268,27651,1.0
34268,31539,1.0
34268,39262,1.0
34283,1162,1.0
34294,9351,1.0
34313,10178,0.563025210084
34325,36306,0.576923076923
34329,19674,0.666666666667
34342,10357,1.0
34342,13709,1.0
34342,31234,1.0
34350,6246,1.0
34350,9811,1.0
34350,32812,1.0
34350,36751,1.0
34368,13415,0.512820512821
34386,4572,1.0
34386,6666,1.0
34386,13366,1.0
34386,14375,1.0
34386,27316,1.0
34386,27765,1.0
34386,29484,1.0
34386,39326,1.0
34437,15753,0.649038461538
34492,5121,1.0
34492,6344,1.0
34492,7320,1.0
34492,29522,1.0
34492,38894,1.0
34541,3776,1.0
34541,5495,1.0
34541,12306,1.0
34541,13882,1.0
34541,14387,1.0
34541,16544,1.0
34541,21208,1.0
34541,25541,1.0
34541,26517,1.0
34541,30649,1.0
34541,36343,1.0
34541,38814,1.0
34542,12547,0.516949152542
34555,9114,0.555555555556
34592,402,0.6
34602,20843,0.608695652174
34607,14447,0.619047619048
34638,25810,0.541666666667
34644,30187,0.666666666667
34661,8298,0.51724137931
34782,10952,0.666666666667
34801,2793,1.0
34801,18524,1.0
34801,20713,1.0
34855,14762,0.563636363636
34880,37852,0.612903225806
34891,2709,1.0
34891,13856,1.0
34916,11330,0.571428571429
34932,9123,0.689655172414
34940,4002,1.0
34940,35035,1.0
35013,1455,1.0
35013,8692,1.0
35023,25307,0.588235294118
35029,16514,1.0
35034,7728,1.0
35034,24384,1.0
35034,28541,1.0
35035,4002,1.0
35035,34940,1.0
35044,6298,1.0
35072,10778,0.555555555556
35097,30399,0.5625
35101,30565,1.0
35124,22625,1.0
35124,33489,1.0
35124,36920,1.0
35124,37868,1.0
35144,14935,0.518518518519
35166,3051,1.0
35166,9128,1.0
35166,12819,1.0
35166,36128,1.0
35180,19304,1.0
35241,22643,0.545454545455
35272,6684,1.0
35272,14300,1.0
35272,37428,1.0
35272,38729,1.0
35277,13294,0.52380952381
35277,24787,0.522727272727
35277,28670,0.511111111111
35336,169,1.0
35336,11206,1.0
35336,28028,1.0
35336,28410,1.0
35349,39128,1.0
35358,9349,1.0
35360,22963,0.666666666667
35387,5230,0.642857142857
35406,9560,1.0
35406,10653,1.0
35434,27289,0.724137931034
35462,2292,0.505791505792
35479,10083,0.529411764706
35498,33843,1.0
35503,12972,0.583333333333
35530,1415,1.0
35530,38251,1.0
35539,8099,0.588235294118
35539,17516,0.633333333333
35576,11918,1.0
35576,24296,1.0
35576,32832,1.0
35576,34187,1.0
35576,38003,1.0
35586,39421,0.625
35615,4942,1.0
35615,33758,1.0
35615,37675,1.0
35615,38569,1.0
35627,3274,1.0
35652,7827,1.0
35652,19019,1.0
35665,29433,0.563025210084
35666,2566,0.513513513514
35698,16883,0.571428571429
35730,24372,1.0
35736,12550,0.666666666667
35736,38740,0.666666666667
35770,4148,0.518518518519
35770,11408,0.52
35770,21073,0.515151515152
35770,37627,0.548387096774
35770,39205,0.566666666667
35791,10212,0.525
35793,10014,1.0
35793,12124,1.0
35793,30234,1.0
35793,35817,1.0
35816,27234,1.0
35817,10014,1.0
35817,12124,1.0
35817,30234,1.0
35817,35793,1.0
35840,952,0.529411764706
35876,11201,0.5375
35888,16316,1.0
35888,27189,1.0
35888,28893,1.0
35906,21314,0.631578947368
35918,16464,0.574468085106
35995,24058,1.0
36025,3022,1.0
36025,4579,1.0
36025,9390,1.0
36025,13635,1.0
36025,15119,1.0
36025,26375,1.0
36025,31022,1.0
36104,11701,1.0
36122,32745,0.576923076923
36128,3051,1.0
36128,9128,1.0
36128,12819,1.0
36128,35166,1.0
36143,20062,0.666666666667
36185,3879,0.666666666667
36188,16782,1.0
36199,7606,0.75
36216,21493,0.524691358025
36220,6070,1.0
36220,16600,1.0
36223,15070,1.0
36223,24996,1.0
36223,29670,1.0
36253,24928,0.507692307692
36266,10876,1.0
36305,27679,1.0
36305,39138,1.0
36306,34325,0.576923076923
36315,19816,1.0
36315,28770,1.0
36315,34006,1.0
36333,24124,0.640718562874
36343,3776,1.0
36343,5495,1.0
36343,12306,1.0
36343,13882,1.0
36343,14387,1.0
36343,16544,1.0
36343,21208,1.0
36343,25541,1.0
36343,26517,1.0
36343,30649,1.0
36343,34541,1.0
36343,38814,1.0
36353,20226,0.538461538462
36356,23714,0.52
36424,1948,1.0
36424,9526,1.0
36426,6598,1.0
36435,14991,0.631578947368
36496,24928,0.50641025641
36583,5712,1.0
36583,6410,1.0
36583,17970,1.0
36583,18999,1.0
36583,19165,1.0
36583,38087,1.0
36584,9837,0.540540540541
36584,26807,0.529411764706
36584,39205,0.58064516129
36600,32319,0.520231213873
36603,30424,1.0
36676,9248,1.0
36676,10079,1.0
36723,1114,1.0
36723,28819,1.0
36742,3278,1.0
36742,3887,1.0
36742,6145,1.0
36742,14971,1.0
36749,20446,0.8
36751,6246,1.0
36751,9811,1.0
36751,32812,1.0
36751,34350,1.0
36761,20580,1.0
36761,22687,1.0
36763,8532,0.54748603352
36775,23430,0.542056074766
36786,16117,1.0
36849,29734,0.609756097561
36883,27617,0.509803921569
36917,16377,1.0
36917,29908,1.0
36920,22625,1.0
36920,33489,1.0
36920,35124,1.0
36920,37868,1.0
36964,3952,1.0
36964,6384,1.0
36972,26477,0.666666666667
36978,14770,1.0
36978,28822,1.0
36978,38546,1.0
36979,4731,1.0
36979,8423,1.0
36979,18720,1.0
36979,22703,1.0
36979,27000,1.0
36979,29134,1.0
36979,32516,1.0
36979,38618,1.0
36992,27961,0.509090909091
37023,13764,0.516129032258
37026,3811,1.0
37107,673,1.0
37123,33547,0.516129032258
37143,15097,0.666666666667
37146,24159,1.0
37196,33110,1.0
37196,33638,1.0
37219,19952,1.0
37243,33989,0.666666666667
37329,6470,1.0
37339,9986,0.666666666667
37350,4896,1.0
37350,10606,1.0
37350,32760,1.0
37350,38127,1.0
37428,6684,1.0
37428,14300,1.0
37428,35272,1.0
37428,38729,1.0
37456,11975,1.0
37456,16400,1.0
37456,37480,1.0
37462,21971,1.0
37476,15778,0.532608695652
37480,11975,1.0
37480,16400,1.0
37480,37456,1.0
37534,22970,0.518518518519
37539,28687,0.571428571429
37585,31530,1.0
37591,27646,1.0
37615,12036,0.548387096774
37615,21283,0.51724137931
37616,18217,0.518518518519
37627,22869,0.536585365854
37627,35770,0.548387096774
37675,4942,1.0
37675,33758,1.0
37675,35615,1.0
37675,38569,1.0
37689,4102,0.555555555556
37689,5777,0.7
37689,5897,0.538461538462
37689,12972,0.6
37689,19611,0.666666666667
37689,22594,0.625
37689,24025,0.625
37689,34061,0.6
37689,38484,0.888888888889
37698,8542,1.0
37698,13965,1.0
37698,16471,1.0
37698,22084,1.0
37712,1080,0.666666666667
37712,5545,0.666666666667
37728,18,1.0
37728,31849,1.0
37758,12030,1.0
37852,34880,0.612903225806
37868,22625,1.0
37868,33489,1.0
37868,35124,1.0
37868,36920,1.0
37910,611,1.0
37910,39486,1.0
37940,26637,0.6
37954,9001,1.0
37954,27910,1.0
37954,39110,1.0
37997,15532,0.6
38003,11918,1.0
38003,24296,1.0
38003,32832,1.0
38003,34187,1.0
38003,35576,1.0
38010,1756,0.6
38010,10523,0.571428571429
38010,29777,0.625
38010,38723,0.545454545455
38015,2862,0.549450549451
38024,7942,1.0
38024,18328,1.0
38031,26383,0.605263157895
38059,20764,0.6
38087,5712,1.0
38087,6410,1.0
38087,17970,1.0
38087,18999,1.0
38087,19165,1.0
38087,36583,1.0
38088,542,1.0
38088,8396,1.0
38088,9588,1.0
38088,18414,1.0
38088,23336,1.0
38088,23351,1.0
38088,28289,1.0
38088,29719,1.0
38088,31405,1.0
38102,4256,0.551136363636
38127,4896,1.0
38127,10606,1.0
38127,32760,1.0
38127,37350,1.0
38209,5567,0.578947368421
38209,13593,0.526315789474
38209,38637,0.571428571429
38212,25327,0.627906976744
38218,8344,1.0
38218,11676,1.0
38251,1415,1.0
38251,35530,1.0
38259,16912,0.529411764706
38285,24554,1.0
38308,11707,1.0
38308,18029,1.0
38308,19139,1.0
38308,33162,1.0
38313,19657,0.542553191489
38403,18576,1.0
38413,23469,0.540540540541
38455,3497,0.551724137931
38484,5777,0.636363636364
38484,12972,0.545454545455
38484,19611,0.6
38484,24025,0.555555555556
38484,34061,0.545454545455
38484,37689,0.888888888889
38488,38805,0.703703703704
38523,30488,0.521739130435
38546,14770,1.0
38546,28822,1.0
38546,36978,1.0
38554,31158,0.548387096774
38569,4942,1.0
38569,33758,1.0
38569,35615,1.0
38569,37675,1.0
38604,12322,1.0
38604,24283,1.0
38604,32280,1.0
38618,4731,1.0
38618,8423,1.0
38618,18720,1.0
38618,22703,1.0
38618,27000,1.0
38618,29134,1.0
38618,32516,1.0
38618,36979,1.0
38637,1074,0.590909090909
38637,5567,0.588235294118
38637,13593,0.625
38637,15166,0.571428571429
38637,38209,0.571428571429
38648,4454,0.548611111111
38714,21621,0.533742331288
38723,5567,0.533333333333
38723,12015,0.533333333333
38723,13593,0.571428571429
38723,38010,0.545454545455
38729,6684,1.0
38729,14300,1.0
38729,35272,1.0
38729,37428,1.0
38740,12550,1.0
38740,35736,0.666666666667
38761,10434,0.553191489362
38781,1831,1.0
38781,15333,1.0
38781,23392,1.0
38790,555,1.0
38790,7897,1.0
38801,3881,1.0
38801,5499,1.0
38801,19272,1.0
38805,38488,0.703703703704
38814,3776,1.0
38814,5495,1.0
38814,12306,1.0
38814,13882,1.0
38814,14387,1.0
38814,16544,1.0
38814,21208,1.0
38814,25541,1.0
38814,26517,1.0
38814,30649,1.0
38814,34541,1.0
38814,36343,1.0
38870,21701,0.608695652174
38874,3044,1.0
38874,7566,1.0
38874,27218,1.0
38874,32735,1.0
38879,30372,0.666666666667
38894,5121,1.0
38894,6344,1.0
38894,7320,1.0
38894,29522,1.0
38894,34492,1.0
38926,13385,0.666666666667
38926,31887,0.75
38927,10579,1.0
38935,27068,0.538461538462
38937,1690,1.0
38954,28928,0.572815533981
38959,22441,0.625
38963,23299,0.666666666667
38963,32720,1.0
39021,19315,0.519480519481
39054,21269,1.0
39062,33762,0.55
39110,9001,1.0
39110,27910,1.0
39110,37954,1.0
39115,17231,1.0
39119,9743,1.0
39128,35349,1.0
39137,27333,0.666666666667
39138,27679,1.0
39138,36305,1.0
39157,24928,0.569343065693
39205,35770,0.566666666667
39205,36584,0.58064516129
39227,2731,0.516949152542
39262,27651,1.0
39262,31539,1.0
39262,34268,1.0
39270,1561,0.714285714286
39275,8201,1.0
39275,21258,1.0
39276,1594,1.0
39276,21902,1.0
39289,8581,0.597402597403
39307,2484,1.0
39307,39600,1.0
39324,12366,1.0
39326,4572,1.0
39326,6666,1.0
39326,13366,1.0
39326,14375,1.0
39326,27316,1.0
39326,27765,1.0
39326,29484,1.0
39326,34386,1.0
39333,29558,0.533333333333
39353,11236,1.0
39353,17356,1.0
39369,19248,0.6
39369,30268,0.684210526316
39421,35586,0.625
39455,29391,0.552631578947
39459,13752,0.509803921569
39459,33330,0.509433962264
39486,611,1.0
39486,37910,1.0
39552,34053,0.571428571429
39580,20210,1.0
39600,2484,1.0
39600,39307,1.0
39609,15831,0.514423076923
39658,10252,0.551724137931
39659,16253,0.551724137931
39659,22970,0.516129032258
39677,20771,1.0
39724,7743,0.547826086957
